2025-08-22 17:26:19,047 DEBUG: Starting new HTTPS connection (1): www.uta-net.com:443
2025-08-22 17:26:20,552 DEBUG: https://www.uta-net.com:443 "GET /search/?Aselect=1&Bselect=1&Keyword=GLIM%20SPANKY HTTP/1.1" 200 None
2025-08-22 17:26:24,251 DEBUG: Starting new HTTPS connection (1): www.uta-net.com:443
2025-08-22 17:26:24,735 DEBUG: https://www.uta-net.com:443 "GET /user/search_index/artist.html?AID=16626 HTTP/1.1" 200 None
2025-08-22 17:26:32,162 DEBUG: Starting new HTTPS connection (1): www.uta-net.com:443
2025-08-22 17:26:32,705 DEBUG: https://www.uta-net.com:443 "GET /song/235945/ HTTP/1.1" 200 None
2025-08-22 17:26:35,232 DEBUG: Starting new HTTPS connection (1): www.uta-net.com:443
2025-08-22 17:26:35,785 DEBUG: https://www.uta-net.com:443 "GET /song/235944/ HTTP/1.1" 200 None
2025-08-22 17:26:38,312 DEBUG: Starting new HTTPS connection (1): www.uta-net.com:443
2025-08-22 17:26:38,817 DEBUG: https://www.uta-net.com:443 "GET /song/235943/ HTTP/1.1" 200 None
2025-08-22 17:26:41,302 DEBUG: Starting new HTTPS connection (1): www.uta-net.com:443
2025-08-22 17:26:41,809 DEBUG: https://www.uta-net.com:443 "GET /song/235942/ HTTP/1.1" 200 None
2025-08-22 17:26:44,374 DEBUG: Starting new HTTPS connection (1): www.uta-net.com:443
2025-08-22 17:26:44,908 DEBUG: https://www.uta-net.com:443 "GET /song/235941/ HTTP/1.1" 200 None
2025-08-22 17:26:47,387 DEBUG: Starting new HTTPS connection (1): www.uta-net.com:443
2025-08-22 17:26:47,891 DEBUG: https://www.uta-net.com:443 "GET /song/235940/ HTTP/1.1" 200 None
2025-08-22 17:26:50,111 DEBUG: Starting new HTTPS connection (1): www.uta-net.com:443
2025-08-22 17:26:50,660 DEBUG: https://www.uta-net.com:443 "GET /song/235939/ HTTP/1.1" 200 None
2025-08-22 17:26:52,925 DEBUG: Starting new HTTPS connection (1): www.uta-net.com:443
2025-08-22 17:26:53,639 DEBUG: https://www.uta-net.com:443 "GET /song/235938/ HTTP/1.1" 200 None
2025-08-22 17:26:56,168 DEBUG: Starting new HTTPS connection (1): www.uta-net.com:443
2025-08-22 17:26:56,706 DEBUG: https://www.uta-net.com:443 "GET /song/227357/ HTTP/1.1" 200 None
2025-08-22 17:26:58,933 DEBUG: Starting new HTTPS connection (1): www.uta-net.com:443
2025-08-22 17:26:59,808 DEBUG: https://www.uta-net.com:443 "GET /song/235937/ HTTP/1.1" 200 None
2025-08-22 17:27:02,334 DEBUG: Starting new HTTPS connection (1): www.uta-net.com:443
2025-08-22 17:27:02,840 DEBUG: https://www.uta-net.com:443 "GET /song/227360/ HTTP/1.1" 200 None
2025-08-22 17:47:54,507 DEBUG: Starting new HTTPS connection (1): www.uta-net.com:443
2025-08-22 17:47:56,098 DEBUG: https://www.uta-net.com:443 "GET /search/?Aselect=1&Bselect=1&Keyword=GLIM HTTP/1.1" 200 None
2025-08-22 17:48:09,583 DEBUG: Starting new HTTPS connection (1): www.uta-net.com:443
2025-08-22 17:48:10,071 DEBUG: https://www.uta-net.com:443 "GET /user/search_index/artist.html?AID=16626 HTTP/1.1" 200 None
2025-08-22 17:48:15,279 DEBUG: Starting new HTTPS connection (1): www.uta-net.com:443
2025-08-22 17:48:15,809 DEBUG: https://www.uta-net.com:443 "GET /song/235945/ HTTP/1.1" 200 None
2025-08-22 17:48:18,321 DEBUG: Starting new HTTPS connection (1): www.uta-net.com:443
2025-08-22 17:48:18,859 DEBUG: https://www.uta-net.com:443 "GET /song/235944/ HTTP/1.1" 200 None
2025-08-22 17:48:21,379 DEBUG: Starting new HTTPS connection (1): www.uta-net.com:443
2025-08-22 17:48:21,897 DEBUG: https://www.uta-net.com:443 "GET /song/235943/ HTTP/1.1" 200 None
2025-08-22 17:48:24,109 DEBUG: Starting new HTTPS connection (1): www.uta-net.com:443
2025-08-22 17:48:24,628 DEBUG: https://www.uta-net.com:443 "GET /song/235942/ HTTP/1.1" 200 None
2025-08-22 17:48:27,188 DEBUG: Starting new HTTPS connection (1): www.uta-net.com:443
2025-08-22 17:48:27,708 DEBUG: https://www.uta-net.com:443 "GET /song/235941/ HTTP/1.1" 200 None
2025-08-22 17:48:30,196 DEBUG: Starting new HTTPS connection (1): www.uta-net.com:443
2025-08-22 17:48:30,681 DEBUG: https://www.uta-net.com:443 "GET /song/235940/ HTTP/1.1" 200 None
2025-08-22 17:48:32,891 DEBUG: Starting new HTTPS connection (1): www.uta-net.com:443
2025-08-22 17:48:33,425 DEBUG: https://www.uta-net.com:443 "GET /song/235939/ HTTP/1.1" 200 None
2025-08-22 17:48:35,947 DEBUG: Starting new HTTPS connection (1): www.uta-net.com:443
2025-08-22 17:48:36,490 DEBUG: https://www.uta-net.com:443 "GET /song/235938/ HTTP/1.1" 200 None
2025-08-22 17:48:39,021 DEBUG: Starting new HTTPS connection (1): www.uta-net.com:443
2025-08-22 17:48:39,587 DEBUG: https://www.uta-net.com:443 "GET /song/227357/ HTTP/1.1" 200 None
2025-08-22 17:48:42,112 DEBUG: Starting new HTTPS connection (1): www.uta-net.com:443
2025-08-22 17:48:42,634 DEBUG: https://www.uta-net.com:443 "GET /song/235937/ HTTP/1.1" 200 None
2025-08-22 17:48:45,141 DEBUG: Starting new HTTPS connection (1): www.uta-net.com:443
2025-08-22 17:48:45,659 DEBUG: https://www.uta-net.com:443 "GET /song/227360/ HTTP/1.1" 200 None
2025-08-22 17:52:31,102 DEBUG: Starting new HTTPS connection (1): www.uta-net.com:443
2025-08-22 17:52:32,077 DEBUG: https://www.uta-net.com:443 "GET /search/?Aselect=1&Bselect=1&Keyword=kaneko%20ayano HTTP/1.1" 404 None
2025-08-22 17:52:41,684 DEBUG: Starting new HTTPS connection (1): www.uta-net.com:443
2025-08-22 17:52:45,306 DEBUG: https://www.uta-net.com:443 "GET /search/?Aselect=1&Bselect=1&Keyword=%E3%82%AB%E3%83%8D%E3%82%B3%E3%82%A2%E3%83%A4%E3%83%8E HTTP/1.1" 200 None
2025-08-22 17:52:45,618 DEBUG: Starting new HTTPS connection (1): www.uta-net.com:443
2025-08-22 17:52:46,062 DEBUG: https://www.uta-net.com:443 "GET /user/search_index/artist.html?AID=17916 HTTP/1.1" 200 None
2025-08-22 17:52:54,209 DEBUG: Starting new HTTPS connection (1): www.uta-net.com:443
2025-08-22 17:52:54,760 DEBUG: https://www.uta-net.com:443 "GET /song/300129/ HTTP/1.1" 200 None
2025-08-22 17:52:56,979 DEBUG: Starting new HTTPS connection (1): www.uta-net.com:443
2025-08-22 17:52:57,506 DEBUG: https://www.uta-net.com:443 "GET /song/300793/ HTTP/1.1" 200 None
2025-08-22 17:53:00,217 DEBUG: Starting new HTTPS connection (1): www.uta-net.com:443
2025-08-22 17:53:00,738 DEBUG: https://www.uta-net.com:443 "GET /song/300792/ HTTP/1.1" 200 None
2025-08-22 17:53:03,278 DEBUG: Starting new HTTPS connection (1): www.uta-net.com:443
2025-08-22 17:53:03,783 DEBUG: https://www.uta-net.com:443 "GET /song/283892/ HTTP/1.1" 200 None
2025-08-22 17:53:06,273 DEBUG: Starting new HTTPS connection (1): www.uta-net.com:443
2025-08-22 17:53:06,760 DEBUG: https://www.uta-net.com:443 "GET /song/300791/ HTTP/1.1" 200 None
2025-08-22 17:53:09,264 DEBUG: Starting new HTTPS connection (1): www.uta-net.com:443
2025-08-22 17:53:09,757 DEBUG: https://www.uta-net.com:443 "GET /song/299169/ HTTP/1.1" 200 None
2025-08-22 17:53:12,249 DEBUG: Starting new HTTPS connection (1): www.uta-net.com:443
2025-08-22 17:53:12,735 DEBUG: https://www.uta-net.com:443 "GET /song/300790/ HTTP/1.1" 200 None
2025-08-22 17:53:15,312 DEBUG: Starting new HTTPS connection (1): www.uta-net.com:443
2025-08-22 17:53:15,847 DEBUG: https://www.uta-net.com:443 "GET /song/300789/ HTTP/1.1" 200 None
2025-08-22 17:53:18,359 DEBUG: Starting new HTTPS connection (1): www.uta-net.com:443
2025-08-22 17:53:18,882 DEBUG: https://www.uta-net.com:443 "GET /song/294542/ HTTP/1.1" 200 None
2025-08-22 17:53:21,399 DEBUG: Starting new HTTPS connection (1): www.uta-net.com:443
2025-08-22 17:53:21,937 DEBUG: https://www.uta-net.com:443 "GET /song/283893/ HTTP/1.1" 200 None
2025-08-22 17:53:24,451 DEBUG: Starting new HTTPS connection (1): www.uta-net.com:443
2025-08-22 17:53:24,957 DEBUG: https://www.uta-net.com:443 "GET /song/300788/ HTTP/1.1" 200 None
2025-08-22 18:09:52,815 DEBUG: Starting new HTTPS connection (1): www.uta-net.com:443
2025-08-22 18:09:54,453 DEBUG: https://www.uta-net.com:443 "GET /search/?Aselect=1&Bselect=1&Keyword=GLIM HTTP/1.1" 200 None
2025-08-22 18:10:01,847 DEBUG: Starting new HTTPS connection (1): www.uta-net.com:443
2025-08-22 18:10:02,323 DEBUG: https://www.uta-net.com:443 "GET /user/search_index/artist.html?AID=16626 HTTP/1.1" 200 None
2025-08-22 18:10:09,194 DEBUG: Starting new HTTPS connection (1): www.uta-net.com:443
2025-08-22 18:10:09,770 DEBUG: https://www.uta-net.com:443 "GET /song/235945/ HTTP/1.1" 200 None
2025-08-22 18:10:12,297 DEBUG: Starting new HTTPS connection (1): www.uta-net.com:443
2025-08-22 18:10:12,804 DEBUG: https://www.uta-net.com:443 "GET /song/235944/ HTTP/1.1" 200 None
2025-08-22 18:10:15,157 DEBUG: Starting new HTTPS connection (1): www.uta-net.com:443
2025-08-22 18:10:15,667 DEBUG: https://www.uta-net.com:443 "GET /song/235943/ HTTP/1.1" 200 None
2025-08-22 18:10:18,156 DEBUG: Starting new HTTPS connection (1): www.uta-net.com:443
2025-08-22 18:10:18,650 DEBUG: https://www.uta-net.com:443 "GET /song/235942/ HTTP/1.1" 200 None
2025-08-22 18:10:20,944 DEBUG: Starting new HTTPS connection (1): www.uta-net.com:443
2025-08-22 18:10:21,466 DEBUG: https://www.uta-net.com:443 "GET /song/235941/ HTTP/1.1" 200 None
2025-08-22 18:10:24,137 DEBUG: Starting new HTTPS connection (1): www.uta-net.com:443
2025-08-22 18:10:24,669 DEBUG: https://www.uta-net.com:443 "GET /song/235940/ HTTP/1.1" 200 None
2025-08-22 18:10:27,189 DEBUG: Starting new HTTPS connection (1): www.uta-net.com:443
2025-08-22 18:10:27,726 DEBUG: https://www.uta-net.com:443 "GET /song/235939/ HTTP/1.1" 200 None
2025-08-22 18:10:29,937 DEBUG: Starting new HTTPS connection (1): www.uta-net.com:443
2025-08-22 18:10:30,426 DEBUG: https://www.uta-net.com:443 "GET /song/235938/ HTTP/1.1" 200 None
2025-08-22 18:10:32,641 DEBUG: Starting new HTTPS connection (1): www.uta-net.com:443
2025-08-22 18:10:33,136 DEBUG: https://www.uta-net.com:443 "GET /song/227357/ HTTP/1.1" 200 None
2025-08-22 18:10:35,644 DEBUG: Starting new HTTPS connection (1): www.uta-net.com:443
2025-08-22 18:10:36,149 DEBUG: https://www.uta-net.com:443 "GET /song/235937/ HTTP/1.1" 200 None
2025-08-22 18:10:38,634 DEBUG: Starting new HTTPS connection (1): www.uta-net.com:443
2025-08-22 18:10:39,127 DEBUG: https://www.uta-net.com:443 "GET /song/227360/ HTTP/1.1" 200 None
2025-08-22 18:12:37,034 DEBUG: Starting new HTTPS connection (1): www.uta-net.com:443
2025-08-22 18:12:38,766 DEBUG: https://www.uta-net.com:443 "GET /search/?Aselect=1&Bselect=1&Keyword=GLIM HTTP/1.1" 200 None
2025-08-22 18:12:41,545 DEBUG: Starting new HTTPS connection (1): www.uta-net.com:443
2025-08-22 18:12:42,031 DEBUG: https://www.uta-net.com:443 "GET /user/search_index/artist.html?AID=16626 HTTP/1.1" 200 None
2025-08-22 18:12:56,057 DEBUG: Starting new HTTPS connection (1): www.uta-net.com:443
2025-08-22 18:12:56,601 DEBUG: https://www.uta-net.com:443 "GET /song/235945/ HTTP/1.1" 200 None
2025-08-22 18:12:58,301 DEBUG: Starting new HTTPS connection (1): www.uta-net.com:443
2025-08-22 18:12:58,819 DEBUG: Starting new HTTPS connection (1): www.uta-net.com:443
2025-08-22 18:12:58,835 DEBUG: https://www.uta-net.com:443 "GET /song/235945/ HTTP/1.1" 200 None
2025-08-22 18:12:59,319 DEBUG: https://www.uta-net.com:443 "GET /song/235944/ HTTP/1.1" 200 None
2025-08-22 18:13:01,039 DEBUG: Starting new HTTPS connection (1): www.uta-net.com:443
2025-08-22 18:13:01,529 DEBUG: Starting new HTTPS connection (1): www.uta-net.com:443
2025-08-22 18:13:01,561 DEBUG: https://www.uta-net.com:443 "GET /song/235944/ HTTP/1.1" 200 None
2025-08-22 18:13:02,023 DEBUG: https://www.uta-net.com:443 "GET /song/235943/ HTTP/1.1" 200 None
2025-08-22 18:13:03,832 DEBUG: Starting new HTTPS connection (1): www.uta-net.com:443
2025-08-22 18:13:04,329 DEBUG: https://www.uta-net.com:443 "GET /song/235943/ HTTP/1.1" 200 None
2025-08-22 18:13:04,505 DEBUG: Starting new HTTPS connection (1): www.uta-net.com:443
2025-08-22 18:13:05,055 DEBUG: https://www.uta-net.com:443 "GET /song/235942/ HTTP/1.1" 200 None
2025-08-22 18:13:06,521 DEBUG: Starting new HTTPS connection (1): www.uta-net.com:443
2025-08-22 18:13:07,060 DEBUG: https://www.uta-net.com:443 "GET /song/235942/ HTTP/1.1" 200 None
2025-08-22 18:13:07,259 DEBUG: Starting new HTTPS connection (1): www.uta-net.com:443
2025-08-22 18:13:07,782 DEBUG: https://www.uta-net.com:443 "GET /song/235941/ HTTP/1.1" 200 None
2025-08-22 18:13:09,279 DEBUG: Starting new HTTPS connection (1): www.uta-net.com:443
2025-08-22 18:13:09,783 DEBUG: https://www.uta-net.com:443 "GET /song/235941/ HTTP/1.1" 200 None
2025-08-22 18:13:10,297 DEBUG: Starting new HTTPS connection (1): www.uta-net.com:443
2025-08-22 18:13:10,793 DEBUG: https://www.uta-net.com:443 "GET /song/235940/ HTTP/1.1" 200 None
2025-08-22 18:13:12,288 DEBUG: Starting new HTTPS connection (1): www.uta-net.com:443
2025-08-22 18:13:12,821 DEBUG: https://www.uta-net.com:443 "GET /song/235940/ HTTP/1.1" 200 None
2025-08-22 18:13:13,434 DEBUG: Starting new HTTPS connection (1): www.uta-net.com:443
2025-08-22 18:13:13,935 DEBUG: https://www.uta-net.com:443 "GET /song/235939/ HTTP/1.1" 200 None
2025-08-22 18:13:15,172 DEBUG: Starting new HTTPS connection (1): www.uta-net.com:443
2025-08-22 18:13:15,678 DEBUG: https://www.uta-net.com:443 "GET /song/235939/ HTTP/1.1" 200 None
2025-08-22 18:13:16,146 DEBUG: Starting new HTTPS connection (1): www.uta-net.com:443
2025-08-22 18:13:16,680 DEBUG: https://www.uta-net.com:443 "GET /song/235938/ HTTP/1.1" 200 None
2025-08-22 18:13:18,179 DEBUG: Starting new HTTPS connection (1): www.uta-net.com:443
2025-08-22 18:13:18,703 DEBUG: https://www.uta-net.com:443 "GET /song/235938/ HTTP/1.1" 200 None
2025-08-22 18:13:18,905 DEBUG: Starting new HTTPS connection (1): www.uta-net.com:443
2025-08-22 18:13:19,466 DEBUG: https://www.uta-net.com:443 "GET /song/227357/ HTTP/1.1" 200 None
2025-08-22 18:13:21,225 DEBUG: Starting new HTTPS connection (1): www.uta-net.com:443
2025-08-22 18:13:21,783 DEBUG: https://www.uta-net.com:443 "GET /song/227357/ HTTP/1.1" 200 None
2025-08-22 18:13:21,997 DEBUG: Starting new HTTPS connection (1): www.uta-net.com:443
2025-08-22 18:13:22,546 DEBUG: https://www.uta-net.com:443 "GET /song/235937/ HTTP/1.1" 200 None
2025-08-22 18:13:24,302 DEBUG: Starting new HTTPS connection (1): www.uta-net.com:443
2025-08-22 18:13:24,827 DEBUG: https://www.uta-net.com:443 "GET /song/235937/ HTTP/1.1" 200 None
2025-08-22 18:14:17,539 DEBUG: Starting new HTTPS connection (1): www.uta-net.com:443
2025-08-22 18:14:18,039 DEBUG: https://www.uta-net.com:443 "GET /song/235945/ HTTP/1.1" 200 None
2025-08-22 18:14:20,522 DEBUG: Starting new HTTPS connection (1): www.uta-net.com:443
2025-08-22 18:14:21,050 DEBUG: https://www.uta-net.com:443 "GET /song/235944/ HTTP/1.1" 200 None
2025-08-22 18:14:23,578 DEBUG: Starting new HTTPS connection (1): www.uta-net.com:443
2025-08-22 18:14:24,103 DEBUG: https://www.uta-net.com:443 "GET /song/235943/ HTTP/1.1" 200 None
2025-08-22 18:14:26,464 DEBUG: Starting new HTTPS connection (1): www.uta-net.com:443
2025-08-22 18:14:27,006 DEBUG: https://www.uta-net.com:443 "GET /song/235942/ HTTP/1.1" 200 None
2025-08-22 18:14:29,226 DEBUG: Starting new HTTPS connection (1): www.uta-net.com:443
2025-08-22 18:14:29,823 DEBUG: https://www.uta-net.com:443 "GET /song/235941/ HTTP/1.1" 200 None
2025-08-22 18:14:32,044 DEBUG: Starting new HTTPS connection (1): www.uta-net.com:443
2025-08-22 18:14:32,554 DEBUG: https://www.uta-net.com:443 "GET /song/235940/ HTTP/1.1" 200 None
2025-08-22 18:14:35,061 DEBUG: Starting new HTTPS connection (1): www.uta-net.com:443
2025-08-22 18:14:35,574 DEBUG: https://www.uta-net.com:443 "GET /song/235939/ HTTP/1.1" 200 None
2025-08-22 18:14:37,778 DEBUG: Starting new HTTPS connection (1): www.uta-net.com:443
2025-08-22 18:14:38,292 DEBUG: https://www.uta-net.com:443 "GET /song/235938/ HTTP/1.1" 200 None
2025-08-22 18:14:40,771 DEBUG: Starting new HTTPS connection (1): www.uta-net.com:443
2025-08-22 18:14:41,307 DEBUG: https://www.uta-net.com:443 "GET /song/227357/ HTTP/1.1" 200 None
2025-08-22 18:14:43,804 DEBUG: Starting new HTTPS connection (1): www.uta-net.com:443
2025-08-22 18:14:44,310 DEBUG: https://www.uta-net.com:443 "GET /song/235937/ HTTP/1.1" 200 None
2025-08-22 18:15:01,842 DEBUG: Starting new HTTPS connection (1): www.uta-net.com:443
2025-08-22 18:15:03,517 DEBUG: https://www.uta-net.com:443 "GET /search/?Aselect=1&Bselect=1&Keyword=%E3%82%AB%E3%83%8D%E3%82%B3%E3%82%A2%E3%83%A4%E3%83%8E HTTP/1.1" 200 None
2025-08-22 18:15:03,854 DEBUG: Starting new HTTPS connection (1): www.uta-net.com:443
2025-08-22 18:15:04,295 DEBUG: https://www.uta-net.com:443 "GET /user/search_index/artist.html?AID=17916 HTTP/1.1" 200 None
2025-08-22 18:15:12,043 DEBUG: Starting new HTTPS connection (1): www.uta-net.com:443
2025-08-22 18:15:12,555 DEBUG: https://www.uta-net.com:443 "GET /song/300129/ HTTP/1.1" 200 None
2025-08-22 18:15:14,768 DEBUG: Starting new HTTPS connection (1): www.uta-net.com:443
2025-08-22 18:15:15,326 DEBUG: https://www.uta-net.com:443 "GET /song/300793/ HTTP/1.1" 200 None
2025-08-22 18:15:17,852 DEBUG: Starting new HTTPS connection (1): www.uta-net.com:443
2025-08-22 18:15:18,364 DEBUG: https://www.uta-net.com:443 "GET /song/300792/ HTTP/1.1" 200 None
2025-08-22 18:15:20,883 DEBUG: Starting new HTTPS connection (1): www.uta-net.com:443
2025-08-22 18:15:21,453 DEBUG: https://www.uta-net.com:443 "GET /song/283892/ HTTP/1.1" 200 None
2025-08-22 18:15:24,068 DEBUG: Starting new HTTPS connection (1): www.uta-net.com:443
2025-08-22 18:15:24,577 DEBUG: https://www.uta-net.com:443 "GET /song/300791/ HTTP/1.1" 200 None
2025-08-22 18:15:26,783 DEBUG: Starting new HTTPS connection (1): www.uta-net.com:443
2025-08-22 18:15:27,272 DEBUG: https://www.uta-net.com:443 "GET /song/299169/ HTTP/1.1" 200 None
2025-08-22 18:15:29,750 DEBUG: Starting new HTTPS connection (1): www.uta-net.com:443
2025-08-22 18:15:30,254 DEBUG: https://www.uta-net.com:443 "GET /song/300790/ HTTP/1.1" 200 None
2025-08-22 18:15:32,447 DEBUG: Starting new HTTPS connection (1): www.uta-net.com:443
2025-08-22 18:15:32,927 DEBUG: https://www.uta-net.com:443 "GET /song/300789/ HTTP/1.1" 200 None
2025-08-22 18:15:35,422 DEBUG: Starting new HTTPS connection (1): www.uta-net.com:443
2025-08-22 18:15:35,947 DEBUG: https://www.uta-net.com:443 "GET /song/294542/ HTTP/1.1" 200 None
2025-08-22 18:15:38,194 DEBUG: Starting new HTTPS connection (1): www.uta-net.com:443
2025-08-22 18:15:38,732 DEBUG: https://www.uta-net.com:443 "GET /song/283893/ HTTP/1.1" 200 None
2025-08-22 18:15:41,402 DEBUG: Starting new HTTPS connection (1): www.uta-net.com:443
2025-08-22 18:15:41,936 DEBUG: https://www.uta-net.com:443 "GET /song/300788/ HTTP/1.1" 200 None
2025-08-23 11:42:32,400 DEBUG: Starting new HTTPS connection (1): www.uta-net.com:443
2025-08-23 11:42:34,219 DEBUG: https://www.uta-net.com:443 "GET /search/?Aselect=1&Bselect=1&Keyword=glim%20spanky HTTP/1.1" 200 None
2025-08-23 11:42:36,008 DEBUG: Starting new HTTPS connection (1): www.uta-net.com:443
2025-08-23 11:42:36,480 DEBUG: https://www.uta-net.com:443 "GET /user/search_index/artist.html?AID=16626 HTTP/1.1" 200 None
2025-08-23 11:42:44,400 DEBUG: Starting new HTTPS connection (1): www.uta-net.com:443
2025-08-23 11:42:44,943 DEBUG: https://www.uta-net.com:443 "GET /song/235945/ HTTP/1.1" 200 None
2025-08-23 11:42:47,459 DEBUG: Starting new HTTPS connection (1): www.uta-net.com:443
2025-08-23 11:42:47,990 DEBUG: https://www.uta-net.com:443 "GET /song/235944/ HTTP/1.1" 200 None
2025-08-23 11:42:50,195 DEBUG: Starting new HTTPS connection (1): www.uta-net.com:443
2025-08-23 11:42:50,730 DEBUG: https://www.uta-net.com:443 "GET /song/235943/ HTTP/1.1" 200 None
2025-08-23 11:42:52,933 DEBUG: Starting new HTTPS connection (1): www.uta-net.com:443
2025-08-23 11:42:53,445 DEBUG: https://www.uta-net.com:443 "GET /song/235942/ HTTP/1.1" 200 None
2025-08-23 11:42:55,991 DEBUG: Starting new HTTPS connection (1): www.uta-net.com:443
2025-08-23 11:42:56,508 DEBUG: https://www.uta-net.com:443 "GET /song/235941/ HTTP/1.1" 200 None
2025-08-23 11:42:58,995 DEBUG: Starting new HTTPS connection (1): www.uta-net.com:443
2025-08-23 11:42:59,501 DEBUG: https://www.uta-net.com:443 "GET /song/235940/ HTTP/1.1" 200 None
2025-08-23 11:43:01,986 DEBUG: Starting new HTTPS connection (1): www.uta-net.com:443
2025-08-23 11:43:02,525 DEBUG: https://www.uta-net.com:443 "GET /song/235939/ HTTP/1.1" 200 None
2025-08-23 11:43:05,036 DEBUG: Starting new HTTPS connection (1): www.uta-net.com:443
2025-08-23 11:43:05,574 DEBUG: https://www.uta-net.com:443 "GET /song/235938/ HTTP/1.1" 200 None
2025-08-23 11:43:08,083 DEBUG: Starting new HTTPS connection (1): www.uta-net.com:443
2025-08-23 11:43:08,616 DEBUG: https://www.uta-net.com:443 "GET /song/227357/ HTTP/1.1" 200 None
2025-08-23 11:43:10,840 DEBUG: Starting new HTTPS connection (1): www.uta-net.com:443
2025-08-23 11:43:11,362 DEBUG: https://www.uta-net.com:443 "GET /song/235937/ HTTP/1.1" 200 None
2025-08-23 11:47:38,287 DEBUG: Starting new HTTPS connection (1): www.uta-net.com:443
2025-08-23 11:47:38,817 DEBUG: https://www.uta-net.com:443 "GET /song/289675/ HTTP/1.1" 200 None
2025-08-23 11:47:41,023 DEBUG: Starting new HTTPS connection (1): www.uta-net.com:443
2025-08-23 11:47:41,508 DEBUG: https://www.uta-net.com:443 "GET /song/291666/ HTTP/1.1" 200 None
2025-08-23 11:47:43,707 DEBUG: Starting new HTTPS connection (1): www.uta-net.com:443
2025-08-23 11:47:44,232 DEBUG: https://www.uta-net.com:443 "GET /song/290689/ HTTP/1.1" 200 None
2025-08-23 11:47:46,447 DEBUG: Starting new HTTPS connection (1): www.uta-net.com:443
2025-08-23 11:47:46,979 DEBUG: https://www.uta-net.com:443 "GET /song/291665/ HTTP/1.1" 200 None
2025-08-23 11:47:49,486 DEBUG: Starting new HTTPS connection (1): www.uta-net.com:443
2025-08-23 11:47:50,030 DEBUG: https://www.uta-net.com:443 "GET /song/285351/ HTTP/1.1" 200 None
2025-08-23 11:47:52,249 DEBUG: Starting new HTTPS connection (1): www.uta-net.com:443
2025-08-23 11:47:52,788 DEBUG: https://www.uta-net.com:443 "GET /song/276312/ HTTP/1.1" 200 None
2025-08-23 11:57:47,737 DEBUG: Starting new HTTPS connection (1): www.uta-net.com:443
2025-08-23 11:57:49,384 DEBUG: https://www.uta-net.com:443 "GET /search/?Aselect=1&Bselect=1&Keyword=glim%20spanky HTTP/1.1" 200 None
2025-08-23 11:57:51,496 DEBUG: Starting new HTTPS connection (1): www.uta-net.com:443
2025-08-23 11:57:51,972 DEBUG: https://www.uta-net.com:443 "GET /user/search_index/artist.html?AID=16626 HTTP/1.1" 200 None
2025-08-23 11:57:56,589 DEBUG: Starting new HTTPS connection (1): www.uta-net.com:443
2025-08-23 11:57:57,205 DEBUG: https://www.uta-net.com:443 "GET /song/235945/ HTTP/1.1" 200 None
2025-08-23 11:57:59,778 DEBUG: Starting new HTTPS connection (1): www.uta-net.com:443
2025-08-23 11:58:00,308 DEBUG: https://www.uta-net.com:443 "GET /song/235944/ HTTP/1.1" 200 None
2025-08-23 11:58:02,807 DEBUG: Starting new HTTPS connection (1): www.uta-net.com:443
2025-08-23 11:58:03,320 DEBUG: https://www.uta-net.com:443 "GET /song/235943/ HTTP/1.1" 200 None
2025-08-23 11:58:05,525 DEBUG: Starting new HTTPS connection (1): www.uta-net.com:443
2025-08-23 11:58:06,023 DEBUG: https://www.uta-net.com:443 "GET /song/235942/ HTTP/1.1" 200 None
2025-08-23 11:58:08,565 DEBUG: Starting new HTTPS connection (1): www.uta-net.com:443
2025-08-23 11:58:09,091 DEBUG: https://www.uta-net.com:443 "GET /song/235941/ HTTP/1.1" 200 None
2025-08-23 11:58:11,585 DEBUG: Starting new HTTPS connection (1): www.uta-net.com:443
2025-08-23 11:58:12,094 DEBUG: https://www.uta-net.com:443 "GET /song/235940/ HTTP/1.1" 200 None
2025-08-23 11:58:14,722 DEBUG: Starting new HTTPS connection (1): www.uta-net.com:443
2025-08-23 11:58:15,278 DEBUG: https://www.uta-net.com:443 "GET /song/235939/ HTTP/1.1" 200 None
2025-08-23 11:58:17,810 DEBUG: Starting new HTTPS connection (1): www.uta-net.com:443
2025-08-23 11:58:18,347 DEBUG: https://www.uta-net.com:443 "GET /song/235938/ HTTP/1.1" 200 None
2025-08-23 11:58:20,865 DEBUG: Starting new HTTPS connection (1): www.uta-net.com:443
2025-08-23 11:58:21,393 DEBUG: https://www.uta-net.com:443 "GET /song/227357/ HTTP/1.1" 200 None
2025-08-23 11:58:23,604 DEBUG: Starting new HTTPS connection (1): www.uta-net.com:443
2025-08-23 11:58:24,113 DEBUG: https://www.uta-net.com:443 "GET /song/235937/ HTTP/1.1" 200 None
2025-08-23 11:58:26,607 DEBUG: Starting new HTTPS connection (1): www.uta-net.com:443
2025-08-23 11:58:27,104 DEBUG: https://www.uta-net.com:443 "GET /song/227360/ HTTP/1.1" 200 None
2025-08-23 12:11:26,490 DEBUG: Starting new HTTPS connection (1): www.uta-net.com:443
2025-08-23 12:11:27,825 DEBUG: https://www.uta-net.com:443 "GET /search/?Aselect=2&Bselect=3&Keyword=https%3A//www.youtube.com/watch%3Fv%3DWBzT2yc2Do8%26list%3DPLZBgMlPaUrok9AcZIAuLvoUFyFQJAsz8J HTTP/1.1" 404 None
2025-08-23 12:19:29,063 DEBUG: Starting new HTTPS connection (1): www.uta-net.com:443
2025-08-23 12:19:30,503 DEBUG: https://www.uta-net.com:443 "GET /search/?Aselect=2&Bselect=3&Keyword=h HTTP/1.1" 200 None
2025-08-23 12:19:32,379 DEBUG: Starting new HTTPS connection (1): www.uta-net.com:443
2025-08-23 12:19:32,917 DEBUG: https://www.uta-net.com:443 "GET /song/246189/ HTTP/1.1" 200 None
2025-08-23 12:19:33,318 DEBUG: Starting new HTTPS connection (1): www.uta-net.com:443
2025-08-23 12:19:34,837 DEBUG: https://www.uta-net.com:443 "GET /search/?Aselect=2&Bselect=3&Keyword=t HTTP/1.1" 200 None
2025-08-23 12:19:36,746 DEBUG: Starting new HTTPS connection (1): www.uta-net.com:443
2025-08-23 12:19:37,252 DEBUG: https://www.uta-net.com:443 "GET /song/276574/ HTTP/1.1" 200 None
2025-08-23 12:19:37,431 DEBUG: Starting new HTTPS connection (1): www.uta-net.com:443
2025-08-23 12:19:38,937 DEBUG: https://www.uta-net.com:443 "GET /search/?Aselect=2&Bselect=3&Keyword=t HTTP/1.1" 200 None
2025-08-23 12:19:40,811 DEBUG: Starting new HTTPS connection (1): www.uta-net.com:443
2025-08-23 12:19:41,324 DEBUG: https://www.uta-net.com:443 "GET /song/276574/ HTTP/1.1" 200 None
2025-08-23 12:19:41,819 DEBUG: Starting new HTTPS connection (1): www.uta-net.com:443
2025-08-23 12:19:43,166 DEBUG: https://www.uta-net.com:443 "GET /search/?Aselect=2&Bselect=3&Keyword=p HTTP/1.1" 200 None
2025-08-23 12:19:45,214 DEBUG: Starting new HTTPS connection (1): www.uta-net.com:443
2025-08-23 12:19:45,734 DEBUG: https://www.uta-net.com:443 "GET /song/113343/ HTTP/1.1" 200 None
2025-08-23 12:19:45,985 DEBUG: Starting new HTTPS connection (1): www.uta-net.com:443
2025-08-23 12:19:47,364 DEBUG: https://www.uta-net.com:443 "GET /search/?Aselect=2&Bselect=3&Keyword=s HTTP/1.1" 200 None
2025-08-23 12:19:49,263 DEBUG: Starting new HTTPS connection (1): www.uta-net.com:443
2025-08-23 12:19:49,766 DEBUG: https://www.uta-net.com:443 "GET /song/215012/ HTTP/1.1" 200 None
2025-08-23 12:19:49,942 DEBUG: Starting new HTTPS connection (1): www.uta-net.com:443
2025-08-23 12:19:50,388 DEBUG: https://www.uta-net.com:443 "GET /search/?Aselect=2&Bselect=3&Keyword= HTTP/1.1" 404 None
2025-08-23 12:19:50,685 DEBUG: Starting new HTTPS connection (1): www.uta-net.com:443
2025-08-23 12:19:51,992 DEBUG: https://www.uta-net.com:443 "GET /search/?Aselect=2&Bselect=3&Keyword=/ HTTP/1.1" 200 None
2025-08-23 12:19:53,855 DEBUG: Starting new HTTPS connection (1): www.uta-net.com:443
2025-08-23 12:19:54,355 DEBUG: https://www.uta-net.com:443 "GET /song/306907/ HTTP/1.1" 200 None
2025-08-23 12:19:54,531 DEBUG: Starting new HTTPS connection (1): www.uta-net.com:443
2025-08-23 12:19:55,837 DEBUG: https://www.uta-net.com:443 "GET /search/?Aselect=2&Bselect=3&Keyword=/ HTTP/1.1" 200 None
2025-08-23 12:19:58,123 DEBUG: Starting new HTTPS connection (1): www.uta-net.com:443
2025-08-23 12:19:58,630 DEBUG: https://www.uta-net.com:443 "GET /song/306907/ HTTP/1.1" 200 None
2025-08-23 12:19:58,820 DEBUG: Starting new HTTPS connection (1): www.uta-net.com:443
2025-08-23 12:20:00,479 DEBUG: https://www.uta-net.com:443 "GET /search/?Aselect=2&Bselect=3&Keyword=w HTTP/1.1" 200 None
2025-08-23 12:20:02,376 DEBUG: Starting new HTTPS connection (1): www.uta-net.com:443
2025-08-23 12:20:02,900 DEBUG: https://www.uta-net.com:443 "GET /song/18810/ HTTP/1.1" 200 None
2025-08-23 12:20:03,224 DEBUG: Starting new HTTPS connection (1): www.uta-net.com:443
2025-08-23 12:20:04,565 DEBUG: https://www.uta-net.com:443 "GET /search/?Aselect=2&Bselect=3&Keyword=w HTTP/1.1" 200 None
2025-08-23 12:20:06,429 DEBUG: Starting new HTTPS connection (1): www.uta-net.com:443
2025-08-23 12:20:06,918 DEBUG: https://www.uta-net.com:443 "GET /song/18810/ HTTP/1.1" 200 None
2025-08-23 12:20:07,382 DEBUG: Starting new HTTPS connection (1): www.uta-net.com:443
2025-08-23 12:20:08,937 DEBUG: https://www.uta-net.com:443 "GET /search/?Aselect=2&Bselect=3&Keyword=w HTTP/1.1" 200 None
2025-08-23 12:20:10,802 DEBUG: Starting new HTTPS connection (1): www.uta-net.com:443
2025-08-23 12:20:11,309 DEBUG: https://www.uta-net.com:443 "GET /song/18810/ HTTP/1.1" 200 None
2025-08-23 12:20:11,577 DEBUG: Starting new HTTPS connection (1): www.uta-net.com:443
2025-08-23 12:20:13,346 DEBUG: https://www.uta-net.com:443 "GET /search/?Aselect=2&Bselect=3&Keyword=. HTTP/1.1" 200 None
2025-08-23 12:20:15,393 DEBUG: Starting new HTTPS connection (1): www.uta-net.com:443
2025-08-23 12:20:15,903 DEBUG: https://www.uta-net.com:443 "GET /song/177630/ HTTP/1.1" 200 None
2025-08-23 12:20:16,092 DEBUG: Starting new HTTPS connection (1): www.uta-net.com:443
2025-08-23 12:20:17,803 DEBUG: https://www.uta-net.com:443 "GET /search/?Aselect=2&Bselect=3&Keyword=y HTTP/1.1" 200 None
2025-08-23 12:20:19,715 DEBUG: Starting new HTTPS connection (1): www.uta-net.com:443
2025-08-23 12:20:20,209 DEBUG: https://www.uta-net.com:443 "GET /song/282820/ HTTP/1.1" 200 None
2025-08-23 12:20:20,672 DEBUG: Starting new HTTPS connection (1): www.uta-net.com:443
2025-08-23 12:20:22,184 DEBUG: https://www.uta-net.com:443 "GET /search/?Aselect=2&Bselect=3&Keyword=o HTTP/1.1" 200 None
2025-08-23 12:20:24,054 DEBUG: Starting new HTTPS connection (1): www.uta-net.com:443
2025-08-23 12:20:24,559 DEBUG: https://www.uta-net.com:443 "GET /song/215012/ HTTP/1.1" 200 None
2025-08-23 12:20:24,738 DEBUG: Starting new HTTPS connection (1): www.uta-net.com:443
2025-08-23 12:20:26,341 DEBUG: https://www.uta-net.com:443 "GET /search/?Aselect=2&Bselect=3&Keyword=u HTTP/1.1" 200 None
2025-08-23 12:20:28,300 DEBUG: Starting new HTTPS connection (1): www.uta-net.com:443
2025-08-23 12:20:28,822 DEBUG: https://www.uta-net.com:443 "GET /song/246189/ HTTP/1.1" 200 None
2025-08-23 12:20:29,006 DEBUG: Starting new HTTPS connection (1): www.uta-net.com:443
2025-08-23 12:20:30,476 DEBUG: https://www.uta-net.com:443 "GET /search/?Aselect=2&Bselect=3&Keyword=t HTTP/1.1" 200 None
2025-08-23 12:20:32,395 DEBUG: Starting new HTTPS connection (1): www.uta-net.com:443
2025-08-23 12:20:32,900 DEBUG: https://www.uta-net.com:443 "GET /song/276574/ HTTP/1.1" 200 None
2025-08-23 12:20:33,390 DEBUG: Starting new HTTPS connection (1): www.uta-net.com:443
2025-08-23 12:20:34,795 DEBUG: https://www.uta-net.com:443 "GET /search/?Aselect=2&Bselect=3&Keyword=u HTTP/1.1" 200 None
2025-08-23 12:20:36,712 DEBUG: Starting new HTTPS connection (1): www.uta-net.com:443
2025-08-23 12:20:37,244 DEBUG: https://www.uta-net.com:443 "GET /song/246189/ HTTP/1.1" 200 None
2025-08-23 12:20:37,425 DEBUG: Starting new HTTPS connection (1): www.uta-net.com:443
2025-08-23 12:20:38,825 DEBUG: https://www.uta-net.com:443 "GET /search/?Aselect=2&Bselect=3&Keyword=b HTTP/1.1" 200 None
2025-08-23 12:20:41,093 DEBUG: Starting new HTTPS connection (1): www.uta-net.com:443
2025-08-23 12:20:41,581 DEBUG: https://www.uta-net.com:443 "GET /song/264352/ HTTP/1.1" 200 None
2025-08-23 12:20:41,760 DEBUG: Starting new HTTPS connection (1): www.uta-net.com:443
2025-08-23 12:20:43,179 DEBUG: https://www.uta-net.com:443 "GET /search/?Aselect=2&Bselect=3&Keyword=e HTTP/1.1" 200 None
2025-08-23 12:20:45,098 DEBUG: Starting new HTTPS connection (1): www.uta-net.com:443
2025-08-23 12:20:45,626 DEBUG: https://www.uta-net.com:443 "GET /song/276574/ HTTP/1.1" 200 None
2025-08-23 12:20:46,123 DEBUG: Starting new HTTPS connection (1): www.uta-net.com:443
2025-08-23 12:20:47,454 DEBUG: https://www.uta-net.com:443 "GET /search/?Aselect=2&Bselect=3&Keyword=. HTTP/1.1" 200 None
2025-08-23 12:20:49,675 DEBUG: Starting new HTTPS connection (1): www.uta-net.com:443
2025-08-23 12:20:50,224 DEBUG: https://www.uta-net.com:443 "GET /song/177630/ HTTP/1.1" 200 None
2025-08-23 12:20:50,711 DEBUG: Starting new HTTPS connection (1): www.uta-net.com:443
2025-08-23 12:20:52,776 DEBUG: https://www.uta-net.com:443 "GET /search/?Aselect=2&Bselect=3&Keyword=c HTTP/1.1" 200 None
2025-08-23 12:20:54,750 DEBUG: Starting new HTTPS connection (1): www.uta-net.com:443
2025-08-23 12:20:55,311 DEBUG: https://www.uta-net.com:443 "GET /song/135851/ HTTP/1.1" 200 None
2025-08-23 12:20:55,486 DEBUG: Starting new HTTPS connection (1): www.uta-net.com:443
2025-08-23 12:20:56,959 DEBUG: https://www.uta-net.com:443 "GET /search/?Aselect=2&Bselect=3&Keyword=o HTTP/1.1" 200 None
2025-08-23 12:20:58,831 DEBUG: Starting new HTTPS connection (1): www.uta-net.com:443
2025-08-23 12:20:59,328 DEBUG: https://www.uta-net.com:443 "GET /song/215012/ HTTP/1.1" 200 None
2025-08-23 12:20:59,788 DEBUG: Starting new HTTPS connection (1): www.uta-net.com:443
2025-08-23 12:21:01,382 DEBUG: https://www.uta-net.com:443 "GET /search/?Aselect=2&Bselect=3&Keyword=m HTTP/1.1" 200 None
2025-08-23 12:21:03,284 DEBUG: Starting new HTTPS connection (1): www.uta-net.com:443
2025-08-23 12:21:03,804 DEBUG: https://www.uta-net.com:443 "GET /song/246189/ HTTP/1.1" 200 None
2025-08-23 12:21:04,298 DEBUG: Starting new HTTPS connection (1): www.uta-net.com:443
2025-08-23 12:21:05,767 DEBUG: https://www.uta-net.com:443 "GET /search/?Aselect=2&Bselect=3&Keyword=/ HTTP/1.1" 200 None
2025-08-23 12:21:07,771 DEBUG: Starting new HTTPS connection (1): www.uta-net.com:443
2025-08-23 12:21:08,281 DEBUG: https://www.uta-net.com:443 "GET /song/306907/ HTTP/1.1" 200 None
2025-08-23 12:21:08,471 DEBUG: Starting new HTTPS connection (1): www.uta-net.com:443
2025-08-23 12:21:09,866 DEBUG: https://www.uta-net.com:443 "GET /search/?Aselect=2&Bselect=3&Keyword=w HTTP/1.1" 200 None
2025-08-23 12:21:11,866 DEBUG: Starting new HTTPS connection (1): www.uta-net.com:443
2025-08-23 12:21:12,379 DEBUG: https://www.uta-net.com:443 "GET /song/18810/ HTTP/1.1" 200 None
2025-08-23 12:21:12,556 DEBUG: Starting new HTTPS connection (1): www.uta-net.com:443
2025-08-23 12:21:13,986 DEBUG: https://www.uta-net.com:443 "GET /search/?Aselect=2&Bselect=3&Keyword=a HTTP/1.1" 200 None
2025-08-23 12:21:15,864 DEBUG: Starting new HTTPS connection (1): www.uta-net.com:443
2025-08-23 12:21:16,372 DEBUG: https://www.uta-net.com:443 "GET /song/246189/ HTTP/1.1" 200 None
2025-08-23 12:21:16,870 DEBUG: Starting new HTTPS connection (1): www.uta-net.com:443
2025-08-23 12:21:18,232 DEBUG: https://www.uta-net.com:443 "GET /search/?Aselect=2&Bselect=3&Keyword=t HTTP/1.1" 200 None
2025-08-23 12:21:20,372 DEBUG: Starting new HTTPS connection (1): www.uta-net.com:443
2025-08-23 12:21:20,918 DEBUG: https://www.uta-net.com:443 "GET /song/276574/ HTTP/1.1" 200 None
2025-08-23 12:21:21,418 DEBUG: Starting new HTTPS connection (1): www.uta-net.com:443
2025-08-23 12:21:22,873 DEBUG: https://www.uta-net.com:443 "GET /search/?Aselect=2&Bselect=3&Keyword=c HTTP/1.1" 200 None
2025-08-23 12:21:24,791 DEBUG: Starting new HTTPS connection (1): www.uta-net.com:443
2025-08-23 12:21:25,301 DEBUG: https://www.uta-net.com:443 "GET /song/135851/ HTTP/1.1" 200 None
2025-08-23 12:21:25,472 DEBUG: Starting new HTTPS connection (1): www.uta-net.com:443
2025-08-23 12:21:26,927 DEBUG: https://www.uta-net.com:443 "GET /search/?Aselect=2&Bselect=3&Keyword=h HTTP/1.1" 200 None
2025-08-23 12:21:28,936 DEBUG: Starting new HTTPS connection (1): www.uta-net.com:443
2025-08-23 12:21:29,442 DEBUG: https://www.uta-net.com:443 "GET /song/246189/ HTTP/1.1" 200 None
2025-08-23 12:21:29,620 DEBUG: Starting new HTTPS connection (1): www.uta-net.com:443
2025-08-23 12:21:31,026 DEBUG: https://www.uta-net.com:443 "GET /search/?Aselect=2&Bselect=3&Keyword=%3F HTTP/1.1" 200 None
2025-08-23 12:21:33,014 DEBUG: Starting new HTTPS connection (1): www.uta-net.com:443
2025-08-23 12:21:33,575 DEBUG: https://www.uta-net.com:443 "GET /song/344740/ HTTP/1.1" 200 None
2025-08-23 12:21:33,763 DEBUG: Starting new HTTPS connection (1): www.uta-net.com:443
2025-08-23 12:21:35,252 DEBUG: https://www.uta-net.com:443 "GET /search/?Aselect=2&Bselect=3&Keyword=v HTTP/1.1" 200 None
2025-08-23 12:21:37,157 DEBUG: Starting new HTTPS connection (1): www.uta-net.com:443
2025-08-23 12:21:37,669 DEBUG: https://www.uta-net.com:443 "GET /song/63160/ HTTP/1.1" 200 None
2025-08-23 12:21:38,130 DEBUG: Starting new HTTPS connection (1): www.uta-net.com:443
2025-08-23 12:21:39,550 DEBUG: https://www.uta-net.com:443 "GET /search/?Aselect=2&Bselect=3&Keyword=%3D HTTP/1.1" 200 None
2025-08-23 12:21:41,464 DEBUG: Starting new HTTPS connection (1): www.uta-net.com:443
2025-08-23 12:21:42,007 DEBUG: https://www.uta-net.com:443 "GET /song/293049/ HTTP/1.1" 200 None
2025-08-23 12:21:42,497 DEBUG: Starting new HTTPS connection (1): www.uta-net.com:443
2025-08-23 12:21:44,219 DEBUG: https://www.uta-net.com:443 "GET /search/?Aselect=2&Bselect=3&Keyword=n HTTP/1.1" 200 None
2025-08-23 12:21:46,220 DEBUG: Starting new HTTPS connection (1): www.uta-net.com:443
2025-08-23 12:21:46,715 DEBUG: https://www.uta-net.com:443 "GET /song/246189/ HTTP/1.1" 200 None
2025-08-23 12:21:47,183 DEBUG: Starting new HTTPS connection (1): www.uta-net.com:443
2025-08-23 12:21:48,560 DEBUG: https://www.uta-net.com:443 "GET /search/?Aselect=2&Bselect=3&Keyword=v HTTP/1.1" 200 None
2025-08-23 12:21:50,714 DEBUG: Starting new HTTPS connection (1): www.uta-net.com:443
2025-08-23 12:21:51,209 DEBUG: https://www.uta-net.com:443 "GET /song/63160/ HTTP/1.1" 200 None
2025-08-23 12:21:51,670 DEBUG: Starting new HTTPS connection (1): www.uta-net.com:443
2025-08-23 12:21:53,010 DEBUG: https://www.uta-net.com:443 "GET /search/?Aselect=2&Bselect=3&Keyword=u HTTP/1.1" 200 None
2025-08-23 12:21:54,870 DEBUG: Starting new HTTPS connection (1): www.uta-net.com:443
2025-08-23 12:21:55,422 DEBUG: https://www.uta-net.com:443 "GET /song/246189/ HTTP/1.1" 200 None
2025-08-23 12:21:55,611 DEBUG: Starting new HTTPS connection (1): www.uta-net.com:443
2025-08-23 12:21:56,919 DEBUG: https://www.uta-net.com:443 "GET /search/?Aselect=2&Bselect=3&Keyword=2 HTTP/1.1" 200 None
2025-08-23 12:21:59,055 DEBUG: Starting new HTTPS connection (1): www.uta-net.com:443
2025-08-23 12:21:59,585 DEBUG: https://www.uta-net.com:443 "GET /song/311372/ HTTP/1.1" 200 None
2025-08-23 12:22:00,076 DEBUG: Starting new HTTPS connection (1): www.uta-net.com:443
2025-08-23 12:22:01,623 DEBUG: https://www.uta-net.com:443 "GET /search/?Aselect=2&Bselect=3&Keyword=o HTTP/1.1" 200 None
2025-08-23 12:22:03,838 DEBUG: Starting new HTTPS connection (1): www.uta-net.com:443
2025-08-23 12:22:04,340 DEBUG: https://www.uta-net.com:443 "GET /song/215012/ HTTP/1.1" 200 None
2025-08-23 12:22:04,801 DEBUG: Starting new HTTPS connection (1): www.uta-net.com:443
2025-08-23 12:22:06,088 DEBUG: https://www.uta-net.com:443 "GET /search/?Aselect=2&Bselect=3&Keyword=7 HTTP/1.1" 200 None
2025-08-23 12:22:07,955 DEBUG: Starting new HTTPS connection (1): www.uta-net.com:443
2025-08-23 12:22:08,463 DEBUG: https://www.uta-net.com:443 "GET /song/354358/ HTTP/1.1" 200 None
2025-08-23 12:22:08,927 DEBUG: Starting new HTTPS connection (1): www.uta-net.com:443
2025-08-23 12:22:10,258 DEBUG: https://www.uta-net.com:443 "GET /search/?Aselect=2&Bselect=3&Keyword=x HTTP/1.1" 200 None
2025-08-23 12:22:12,187 DEBUG: Starting new HTTPS connection (1): www.uta-net.com:443
2025-08-23 12:22:12,727 DEBUG: https://www.uta-net.com:443 "GET /song/135851/ HTTP/1.1" 200 None
2025-08-23 12:22:12,913 DEBUG: Starting new HTTPS connection (1): www.uta-net.com:443
2025-08-23 12:22:15,469 DEBUG: https://www.uta-net.com:443 "GET /search/?Aselect=2&Bselect=3&Keyword=Z HTTP/1.1" 200 None
2025-08-23 12:22:17,401 DEBUG: Starting new HTTPS connection (1): www.uta-net.com:443
2025-08-23 12:22:17,922 DEBUG: https://www.uta-net.com:443 "GET /song/341396/ HTTP/1.1" 200 None
2025-08-23 12:22:18,411 DEBUG: Starting new HTTPS connection (1): www.uta-net.com:443
2025-08-23 12:22:19,923 DEBUG: https://www.uta-net.com:443 "GET /search/?Aselect=2&Bselect=3&Keyword=O HTTP/1.1" 200 None
2025-08-23 12:22:21,785 DEBUG: Starting new HTTPS connection (1): www.uta-net.com:443
2025-08-23 12:22:22,278 DEBUG: https://www.uta-net.com:443 "GET /song/215012/ HTTP/1.1" 200 None
2025-08-23 12:22:22,742 DEBUG: Starting new HTTPS connection (1): www.uta-net.com:443
2025-08-23 12:22:24,188 DEBUG: https://www.uta-net.com:443 "GET /search/?Aselect=2&Bselect=3&Keyword=j HTTP/1.1" 200 None
2025-08-23 12:22:26,275 DEBUG: Starting new HTTPS connection (1): www.uta-net.com:443
2025-08-23 12:22:26,807 DEBUG: https://www.uta-net.com:443 "GET /song/201446/ HTTP/1.1" 200 None
2025-08-23 12:22:27,297 DEBUG: Starting new HTTPS connection (1): www.uta-net.com:443
2025-08-23 12:22:28,691 DEBUG: https://www.uta-net.com:443 "GET /search/?Aselect=2&Bselect=3&Keyword=Y HTTP/1.1" 200 None
2025-08-23 12:22:30,603 DEBUG: Starting new HTTPS connection (1): www.uta-net.com:443
2025-08-23 12:22:31,127 DEBUG: https://www.uta-net.com:443 "GET /song/282820/ HTTP/1.1" 200 None
2025-08-23 12:22:31,314 DEBUG: Starting new HTTPS connection (1): www.uta-net.com:443
2025-08-23 12:22:32,955 DEBUG: https://www.uta-net.com:443 "GET /search/?Aselect=2&Bselect=3&Keyword=%26 HTTP/1.1" 200 None
2025-08-23 12:22:34,810 DEBUG: Starting new HTTPS connection (1): www.uta-net.com:443
2025-08-23 12:22:35,348 DEBUG: https://www.uta-net.com:443 "GET /song/5469/ HTTP/1.1" 200 None
2025-08-23 12:22:35,531 DEBUG: Starting new HTTPS connection (1): www.uta-net.com:443
2025-08-23 12:22:37,023 DEBUG: https://www.uta-net.com:443 "GET /search/?Aselect=2&Bselect=3&Keyword=l HTTP/1.1" 200 None
2025-08-23 12:22:38,951 DEBUG: Starting new HTTPS connection (1): www.uta-net.com:443
2025-08-23 12:22:39,626 DEBUG: https://www.uta-net.com:443 "GET /song/150380/ HTTP/1.1" 200 None
2025-08-23 12:22:40,153 DEBUG: Starting new HTTPS connection (1): www.uta-net.com:443
2025-08-23 12:22:41,797 DEBUG: https://www.uta-net.com:443 "GET /search/?Aselect=2&Bselect=3&Keyword=i HTTP/1.1" 200 None
2025-08-23 12:22:43,933 DEBUG: Starting new HTTPS connection (1): www.uta-net.com:443
2025-08-23 12:22:44,470 DEBUG: https://www.uta-net.com:443 "GET /song/246189/ HTTP/1.1" 200 None
2025-08-23 12:22:44,658 DEBUG: Starting new HTTPS connection (1): www.uta-net.com:443
2025-08-23 12:22:46,192 DEBUG: https://www.uta-net.com:443 "GET /search/?Aselect=2&Bselect=3&Keyword=s HTTP/1.1" 200 None
2025-08-23 12:22:48,051 DEBUG: Starting new HTTPS connection (1): www.uta-net.com:443
2025-08-23 12:22:48,559 DEBUG: https://www.uta-net.com:443 "GET /song/215012/ HTTP/1.1" 200 None
2025-08-23 12:22:49,022 DEBUG: Starting new HTTPS connection (1): www.uta-net.com:443
2025-08-23 12:22:50,633 DEBUG: https://www.uta-net.com:443 "GET /search/?Aselect=2&Bselect=3&Keyword=t HTTP/1.1" 200 None
2025-08-23 12:22:52,578 DEBUG: Starting new HTTPS connection (1): www.uta-net.com:443
2025-08-23 12:22:53,104 DEBUG: https://www.uta-net.com:443 "GET /song/276574/ HTTP/1.1" 200 None
2025-08-23 12:22:53,291 DEBUG: Starting new HTTPS connection (1): www.uta-net.com:443
2025-08-23 12:22:54,861 DEBUG: https://www.uta-net.com:443 "GET /search/?Aselect=2&Bselect=3&Keyword=%3D HTTP/1.1" 200 None
2025-08-23 12:22:57,073 DEBUG: Starting new HTTPS connection (1): www.uta-net.com:443
2025-08-23 12:22:57,625 DEBUG: https://www.uta-net.com:443 "GET /song/293049/ HTTP/1.1" 200 None
2025-08-23 12:22:57,810 DEBUG: Starting new HTTPS connection (1): www.uta-net.com:443
2025-08-23 12:22:59,247 DEBUG: https://www.uta-net.com:443 "GET /search/?Aselect=2&Bselect=3&Keyword=P HTTP/1.1" 200 None
2025-08-23 12:23:01,158 DEBUG: Starting new HTTPS connection (1): www.uta-net.com:443
2025-08-23 12:23:01,653 DEBUG: https://www.uta-net.com:443 "GET /song/113343/ HTTP/1.1" 200 None
2025-08-23 12:23:01,833 DEBUG: Starting new HTTPS connection (1): www.uta-net.com:443
2025-08-23 12:23:03,534 DEBUG: https://www.uta-net.com:443 "GET /search/?Aselect=2&Bselect=3&Keyword=L HTTP/1.1" 200 None
2025-08-23 12:23:05,471 DEBUG: Starting new HTTPS connection (1): www.uta-net.com:443
2025-08-23 12:23:05,998 DEBUG: https://www.uta-net.com:443 "GET /song/150380/ HTTP/1.1" 200 None
2025-08-23 12:23:06,461 DEBUG: Starting new HTTPS connection (1): www.uta-net.com:443
2025-08-23 12:23:08,703 DEBUG: https://www.uta-net.com:443 "GET /search/?Aselect=2&Bselect=3&Keyword=Z HTTP/1.1" 200 None
2025-08-23 12:23:13,308 DEBUG: Starting new HTTPS connection (1): www.uta-net.com:443
2025-08-23 12:23:13,830 DEBUG: https://www.uta-net.com:443 "GET /song/341396/ HTTP/1.1" 200 None
2025-08-23 12:23:14,326 DEBUG: Starting new HTTPS connection (1): www.uta-net.com:443
2025-08-23 12:23:15,979 DEBUG: https://www.uta-net.com:443 "GET /search/?Aselect=2&Bselect=3&Keyword=B HTTP/1.1" 200 None
2025-08-23 12:23:19,193 DEBUG: Starting new HTTPS connection (1): www.uta-net.com:443
2025-08-23 12:23:19,731 DEBUG: https://www.uta-net.com:443 "GET /song/264352/ HTTP/1.1" 200 None
2025-08-23 12:23:19,921 DEBUG: Starting new HTTPS connection (1): www.uta-net.com:443
2025-08-23 12:23:21,357 DEBUG: https://www.uta-net.com:443 "GET /search/?Aselect=2&Bselect=3&Keyword=g HTTP/1.1" 200 None
2025-08-23 12:23:23,303 DEBUG: Starting new HTTPS connection (1): www.uta-net.com:443
2025-08-23 12:23:23,820 DEBUG: https://www.uta-net.com:443 "GET /song/276574/ HTTP/1.1" 200 None
2025-08-23 12:23:24,283 DEBUG: Starting new HTTPS connection (1): www.uta-net.com:443
2025-08-23 12:23:25,564 DEBUG: https://www.uta-net.com:443 "GET /search/?Aselect=2&Bselect=3&Keyword=M HTTP/1.1" 200 None
2025-08-23 12:23:27,428 DEBUG: Starting new HTTPS connection (1): www.uta-net.com:443
2025-08-23 12:23:27,961 DEBUG: https://www.uta-net.com:443 "GET /song/246189/ HTTP/1.1" 200 None
2025-08-23 12:23:28,148 DEBUG: Starting new HTTPS connection (1): www.uta-net.com:443
2025-08-23 12:23:29,512 DEBUG: https://www.uta-net.com:443 "GET /search/?Aselect=2&Bselect=3&Keyword=l HTTP/1.1" 200 None
2025-08-23 12:23:31,576 DEBUG: Starting new HTTPS connection (1): www.uta-net.com:443
2025-08-23 12:23:32,096 DEBUG: https://www.uta-net.com:443 "GET /song/150380/ HTTP/1.1" 200 None
2025-08-23 12:23:32,441 DEBUG: Starting new HTTPS connection (1): www.uta-net.com:443
2025-08-23 12:23:33,686 DEBUG: https://www.uta-net.com:443 "GET /search/?Aselect=2&Bselect=3&Keyword=P HTTP/1.1" 200 None
2025-08-23 12:23:35,639 DEBUG: Starting new HTTPS connection (1): www.uta-net.com:443
2025-08-23 12:23:36,123 DEBUG: https://www.uta-net.com:443 "GET /song/113343/ HTTP/1.1" 200 None
2025-08-23 12:23:36,296 DEBUG: Starting new HTTPS connection (1): www.uta-net.com:443
2025-08-23 12:23:37,799 DEBUG: https://www.uta-net.com:443 "GET /search/?Aselect=2&Bselect=3&Keyword=a HTTP/1.1" 200 None
2025-08-23 12:23:39,701 DEBUG: Starting new HTTPS connection (1): www.uta-net.com:443
2025-08-23 12:23:40,248 DEBUG: https://www.uta-net.com:443 "GET /song/246189/ HTTP/1.1" 200 None
2025-08-23 12:23:40,735 DEBUG: Starting new HTTPS connection (1): www.uta-net.com:443
2025-08-23 12:23:42,071 DEBUG: https://www.uta-net.com:443 "GET /search/?Aselect=2&Bselect=3&Keyword=U HTTP/1.1" 200 None
2025-08-23 12:23:44,072 DEBUG: Starting new HTTPS connection (1): www.uta-net.com:443
2025-08-23 12:23:44,580 DEBUG: https://www.uta-net.com:443 "GET /song/246189/ HTTP/1.1" 200 None
2025-08-23 12:23:44,760 DEBUG: Starting new HTTPS connection (1): www.uta-net.com:443
2025-08-23 12:23:46,349 DEBUG: https://www.uta-net.com:443 "GET /search/?Aselect=2&Bselect=3&Keyword=r HTTP/1.1" 200 None
2025-08-23 12:23:48,421 DEBUG: Starting new HTTPS connection (1): www.uta-net.com:443
2025-08-23 12:23:48,952 DEBUG: https://www.uta-net.com:443 "GET /song/276574/ HTTP/1.1" 200 None
2025-08-23 12:23:49,132 DEBUG: Starting new HTTPS connection (1): www.uta-net.com:443
2025-08-23 12:23:50,603 DEBUG: https://www.uta-net.com:443 "GET /search/?Aselect=2&Bselect=3&Keyword=o HTTP/1.1" 200 None
2025-08-23 12:23:52,523 DEBUG: Starting new HTTPS connection (1): www.uta-net.com:443
2025-08-23 12:23:53,448 DEBUG: https://www.uta-net.com:443 "GET /song/215012/ HTTP/1.1" 200 None
2025-08-23 12:23:53,947 DEBUG: Starting new HTTPS connection (1): www.uta-net.com:443
2025-08-23 12:23:55,291 DEBUG: https://www.uta-net.com:443 "GET /search/?Aselect=2&Bselect=3&Keyword=k HTTP/1.1" 200 None
2025-08-23 12:23:57,212 DEBUG: Starting new HTTPS connection (1): www.uta-net.com:443
2025-08-23 12:23:57,729 DEBUG: https://www.uta-net.com:443 "GET /song/135851/ HTTP/1.1" 200 None
2025-08-23 12:23:57,907 DEBUG: Starting new HTTPS connection (1): www.uta-net.com:443
2025-08-23 12:23:59,349 DEBUG: https://www.uta-net.com:443 "GET /search/?Aselect=2&Bselect=3&Keyword=9 HTTP/1.1" 200 None
2025-08-23 12:24:01,938 DEBUG: Starting new HTTPS connection (1): www.uta-net.com:443
2025-08-23 12:24:02,439 DEBUG: https://www.uta-net.com:443 "GET /song/39217/ HTTP/1.1" 200 None
2025-08-23 12:24:02,623 DEBUG: Starting new HTTPS connection (1): www.uta-net.com:443
2025-08-23 12:24:03,998 DEBUG: https://www.uta-net.com:443 "GET /search/?Aselect=2&Bselect=3&Keyword=A HTTP/1.1" 200 None
2025-08-23 12:24:06,059 DEBUG: Starting new HTTPS connection (1): www.uta-net.com:443
2025-08-23 12:24:06,590 DEBUG: https://www.uta-net.com:443 "GET /song/246189/ HTTP/1.1" 200 None
2025-08-23 12:24:07,083 DEBUG: Starting new HTTPS connection (1): www.uta-net.com:443
2025-08-23 12:24:08,554 DEBUG: https://www.uta-net.com:443 "GET /search/?Aselect=2&Bselect=3&Keyword=c HTTP/1.1" 200 None
2025-08-23 12:24:10,456 DEBUG: Starting new HTTPS connection (1): www.uta-net.com:443
2025-08-23 12:24:10,986 DEBUG: https://www.uta-net.com:443 "GET /song/135851/ HTTP/1.1" 200 None
2025-08-23 12:24:11,163 DEBUG: Starting new HTTPS connection (1): www.uta-net.com:443
2025-08-23 12:24:12,647 DEBUG: https://www.uta-net.com:443 "GET /search/?Aselect=2&Bselect=3&Keyword=Z HTTP/1.1" 200 None
2025-08-23 12:24:14,600 DEBUG: Starting new HTTPS connection (1): www.uta-net.com:443
2025-08-23 12:24:15,104 DEBUG: https://www.uta-net.com:443 "GET /song/341396/ HTTP/1.1" 200 None
2025-08-23 12:24:15,578 DEBUG: Starting new HTTPS connection (1): www.uta-net.com:443
2025-08-23 12:24:17,000 DEBUG: https://www.uta-net.com:443 "GET /search/?Aselect=2&Bselect=3&Keyword=I HTTP/1.1" 200 None
2025-08-23 12:24:18,863 DEBUG: Starting new HTTPS connection (1): www.uta-net.com:443
2025-08-23 12:24:19,399 DEBUG: https://www.uta-net.com:443 "GET /song/246189/ HTTP/1.1" 200 None
2025-08-23 12:24:19,591 DEBUG: Starting new HTTPS connection (1): www.uta-net.com:443
2025-08-23 12:24:21,031 DEBUG: https://www.uta-net.com:443 "GET /search/?Aselect=2&Bselect=3&Keyword=A HTTP/1.1" 200 None
2025-08-23 12:24:22,947 DEBUG: Starting new HTTPS connection (1): www.uta-net.com:443
2025-08-23 12:24:23,483 DEBUG: https://www.uta-net.com:443 "GET /song/246189/ HTTP/1.1" 200 None
2025-08-23 12:24:24,307 DEBUG: Starting new HTTPS connection (1): www.uta-net.com:443
2025-08-23 12:24:25,605 DEBUG: https://www.uta-net.com:443 "GET /search/?Aselect=2&Bselect=3&Keyword=u HTTP/1.1" 200 None
2025-08-23 12:24:27,569 DEBUG: Starting new HTTPS connection (1): www.uta-net.com:443
2025-08-23 12:24:28,054 DEBUG: https://www.uta-net.com:443 "GET /song/246189/ HTTP/1.1" 200 None
2025-08-23 12:24:28,518 DEBUG: Starting new HTTPS connection (1): www.uta-net.com:443
2025-08-23 12:24:30,033 DEBUG: https://www.uta-net.com:443 "GET /search/?Aselect=2&Bselect=3&Keyword=L HTTP/1.1" 200 None
2025-08-23 12:24:31,900 DEBUG: Starting new HTTPS connection (1): www.uta-net.com:443
2025-08-23 12:24:32,429 DEBUG: https://www.uta-net.com:443 "GET /song/150380/ HTTP/1.1" 200 None
2025-08-23 12:24:32,606 DEBUG: Starting new HTTPS connection (1): www.uta-net.com:443
2025-08-23 12:24:34,087 DEBUG: https://www.uta-net.com:443 "GET /search/?Aselect=2&Bselect=3&Keyword=v HTTP/1.1" 200 None
2025-08-23 12:24:36,312 DEBUG: Starting new HTTPS connection (1): www.uta-net.com:443
2025-08-23 12:24:36,836 DEBUG: https://www.uta-net.com:443 "GET /song/63160/ HTTP/1.1" 200 None
2025-08-23 12:24:37,461 DEBUG: Starting new HTTPS connection (1): www.uta-net.com:443
2025-08-23 12:24:39,276 DEBUG: https://www.uta-net.com:443 "GET /search/?Aselect=2&Bselect=3&Keyword=o HTTP/1.1" 200 None
2025-08-23 12:24:41,745 DEBUG: Starting new HTTPS connection (1): www.uta-net.com:443
2025-08-23 12:24:42,242 DEBUG: https://www.uta-net.com:443 "GET /song/215012/ HTTP/1.1" 200 None
2025-08-23 12:24:42,790 DEBUG: Starting new HTTPS connection (1): www.uta-net.com:443
2025-08-23 12:24:44,144 DEBUG: https://www.uta-net.com:443 "GET /search/?Aselect=2&Bselect=3&Keyword=U HTTP/1.1" 200 None
2025-08-23 12:24:46,170 DEBUG: Starting new HTTPS connection (1): www.uta-net.com:443
2025-08-23 12:24:46,675 DEBUG: https://www.uta-net.com:443 "GET /song/246189/ HTTP/1.1" 200 None
2025-08-23 12:24:47,142 DEBUG: Starting new HTTPS connection (1): www.uta-net.com:443
2025-08-23 12:24:48,577 DEBUG: https://www.uta-net.com:443 "GET /search/?Aselect=2&Bselect=3&Keyword=F HTTP/1.1" 200 None
2025-08-23 12:24:50,895 DEBUG: Starting new HTTPS connection (1): www.uta-net.com:443
2025-08-23 12:24:51,430 DEBUG: https://www.uta-net.com:443 "GET /song/362089/ HTTP/1.1" 200 None
2025-08-23 12:24:51,772 DEBUG: Starting new HTTPS connection (1): www.uta-net.com:443
2025-08-23 12:24:53,126 DEBUG: https://www.uta-net.com:443 "GET /search/?Aselect=2&Bselect=3&Keyword=y HTTP/1.1" 200 None
2025-08-23 12:24:55,220 DEBUG: Starting new HTTPS connection (1): www.uta-net.com:443
2025-08-23 12:24:55,764 DEBUG: https://www.uta-net.com:443 "GET /song/282820/ HTTP/1.1" 200 None
2025-08-23 12:24:55,953 DEBUG: Starting new HTTPS connection (1): www.uta-net.com:443
2025-08-23 12:24:57,303 DEBUG: https://www.uta-net.com:443 "GET /search/?Aselect=2&Bselect=3&Keyword=F HTTP/1.1" 200 None
2025-08-23 12:24:59,314 DEBUG: Starting new HTTPS connection (1): www.uta-net.com:443
2025-08-23 12:25:00,208 DEBUG: https://www.uta-net.com:443 "GET /song/362089/ HTTP/1.1" 200 None
2025-08-23 12:25:00,386 DEBUG: Starting new HTTPS connection (1): www.uta-net.com:443
2025-08-23 12:25:02,675 DEBUG: https://www.uta-net.com:443 "GET /search/?Aselect=2&Bselect=3&Keyword=Q HTTP/1.1" 200 None
2025-08-23 12:25:04,533 DEBUG: Starting new HTTPS connection (1): www.uta-net.com:443
2025-08-23 12:25:05,092 DEBUG: https://www.uta-net.com:443 "GET /song/201446/ HTTP/1.1" 200 None
2025-08-23 12:25:05,558 DEBUG: Starting new HTTPS connection (1): www.uta-net.com:443
2025-08-23 12:25:06,863 DEBUG: https://www.uta-net.com:443 "GET /search/?Aselect=2&Bselect=3&Keyword=J HTTP/1.1" 200 None
2025-08-23 12:25:08,994 DEBUG: Starting new HTTPS connection (1): www.uta-net.com:443
2025-08-23 12:25:09,532 DEBUG: https://www.uta-net.com:443 "GET /song/201446/ HTTP/1.1" 200 None
2025-08-23 12:25:10,272 DEBUG: Starting new HTTPS connection (1): www.uta-net.com:443
2025-08-23 12:25:11,849 DEBUG: https://www.uta-net.com:443 "GET /search/?Aselect=2&Bselect=3&Keyword=A HTTP/1.1" 200 None
2025-08-23 12:25:13,761 DEBUG: Starting new HTTPS connection (1): www.uta-net.com:443
2025-08-23 12:25:14,279 DEBUG: https://www.uta-net.com:443 "GET /song/246189/ HTTP/1.1" 200 None
2025-08-23 12:25:14,755 DEBUG: Starting new HTTPS connection (1): www.uta-net.com:443
2025-08-23 12:25:17,283 DEBUG: https://www.uta-net.com:443 "GET /search/?Aselect=2&Bselect=3&Keyword=s HTTP/1.1" 200 None
2025-08-23 12:25:19,319 DEBUG: Starting new HTTPS connection (1): www.uta-net.com:443
2025-08-23 12:25:19,850 DEBUG: https://www.uta-net.com:443 "GET /song/215012/ HTTP/1.1" 200 None
2025-08-23 12:25:20,037 DEBUG: Starting new HTTPS connection (1): www.uta-net.com:443
2025-08-23 12:25:21,495 DEBUG: https://www.uta-net.com:443 "GET /search/?Aselect=2&Bselect=3&Keyword=z HTTP/1.1" 200 None
2025-08-23 12:25:23,403 DEBUG: Starting new HTTPS connection (1): www.uta-net.com:443
2025-08-23 12:25:23,941 DEBUG: https://www.uta-net.com:443 "GET /song/341396/ HTTP/1.1" 200 None
2025-08-23 12:25:24,517 DEBUG: Starting new HTTPS connection (1): www.uta-net.com:443
2025-08-23 12:25:25,764 DEBUG: https://www.uta-net.com:443 "GET /search/?Aselect=2&Bselect=3&Keyword=8 HTTP/1.1" 200 None
2025-08-23 12:25:27,690 DEBUG: Starting new HTTPS connection (1): www.uta-net.com:443
2025-08-23 12:25:28,205 DEBUG: https://www.uta-net.com:443 "GET /song/39217/ HTTP/1.1" 200 None
2025-08-23 12:25:28,669 DEBUG: Starting new HTTPS connection (1): www.uta-net.com:443
2025-08-23 12:25:30,033 DEBUG: https://www.uta-net.com:443 "GET /search/?Aselect=2&Bselect=3&Keyword=J HTTP/1.1" 200 None
2025-08-23 12:25:32,086 DEBUG: Starting new HTTPS connection (1): www.uta-net.com:443
2025-08-23 12:25:32,580 DEBUG: https://www.uta-net.com:443 "GET /song/201446/ HTTP/1.1" 200 None
2025-08-23 12:45:56,856 DEBUG: Starting new HTTPS connection (1): www.uta-net.com:443
2025-08-23 12:45:58,408 DEBUG: https://www.uta-net.com:443 "GET /search/?Aselect=1&Bselect=1&Keyword=%E3%82%AB%E3%83%8D%E3%82%B3%E3%82%A2%E3%83%A4%E3%83%8E HTTP/1.1" 200 None
2025-08-23 12:45:58,738 DEBUG: Starting new HTTPS connection (1): www.uta-net.com:443
2025-08-23 12:45:59,215 DEBUG: https://www.uta-net.com:443 "GET /user/search_index/artist.html?AID=17916 HTTP/1.1" 200 None
2025-08-23 12:46:04,124 DEBUG: Starting new HTTPS connection (1): www.uta-net.com:443
2025-08-23 12:46:04,630 DEBUG: https://www.uta-net.com:443 "GET /song/300129/ HTTP/1.1" 200 None
2025-08-23 12:46:07,131 DEBUG: Starting new HTTPS connection (1): www.uta-net.com:443
2025-08-23 12:46:07,639 DEBUG: https://www.uta-net.com:443 "GET /song/300793/ HTTP/1.1" 200 None
2025-08-23 12:46:09,856 DEBUG: Starting new HTTPS connection (1): www.uta-net.com:443
2025-08-23 12:46:10,337 DEBUG: https://www.uta-net.com:443 "GET /song/300792/ HTTP/1.1" 200 None
2025-08-23 12:46:12,878 DEBUG: Starting new HTTPS connection (1): www.uta-net.com:443
2025-08-23 12:46:13,409 DEBUG: https://www.uta-net.com:443 "GET /song/283892/ HTTP/1.1" 200 None
2025-08-23 12:46:15,603 DEBUG: Starting new HTTPS connection (1): www.uta-net.com:443
2025-08-23 12:46:16,114 DEBUG: https://www.uta-net.com:443 "GET /song/300791/ HTTP/1.1" 200 None
2025-08-23 12:46:18,314 DEBUG: Starting new HTTPS connection (1): www.uta-net.com:443
2025-08-23 12:46:18,853 DEBUG: https://www.uta-net.com:443 "GET /song/299169/ HTTP/1.1" 200 None
2025-08-23 12:46:21,063 DEBUG: Starting new HTTPS connection (1): www.uta-net.com:443
2025-08-23 12:46:21,601 DEBUG: https://www.uta-net.com:443 "GET /song/300790/ HTTP/1.1" 200 None
2025-08-23 12:46:24,107 DEBUG: Starting new HTTPS connection (1): www.uta-net.com:443
2025-08-23 12:46:24,627 DEBUG: https://www.uta-net.com:443 "GET /song/300789/ HTTP/1.1" 200 None
2025-08-23 12:46:27,142 DEBUG: Starting new HTTPS connection (1): www.uta-net.com:443
2025-08-23 12:46:27,680 DEBUG: https://www.uta-net.com:443 "GET /song/294542/ HTTP/1.1" 200 None
2025-08-23 12:46:29,894 DEBUG: Starting new HTTPS connection (1): www.uta-net.com:443
2025-08-23 12:46:30,408 DEBUG: https://www.uta-net.com:443 "GET /song/283893/ HTTP/1.1" 200 None
2025-08-23 12:46:32,916 DEBUG: Starting new HTTPS connection (1): www.uta-net.com:443
2025-08-23 12:46:33,426 DEBUG: https://www.uta-net.com:443 "GET /song/300788/ HTTP/1.1" 200 None
2025-08-23 12:46:41,122 DEBUG: Starting new HTTPS connection (1): www.uta-net.com:443
2025-08-23 12:46:41,625 DEBUG: https://www.uta-net.com:443 "GET /song/320414/ HTTP/1.1" 200 None
2025-08-23 12:46:44,106 DEBUG: Starting new HTTPS connection (1): www.uta-net.com:443
2025-08-23 12:46:44,595 DEBUG: https://www.uta-net.com:443 "GET /song/331346/ HTTP/1.1" 200 None
2025-08-23 12:46:46,792 DEBUG: Starting new HTTPS connection (1): www.uta-net.com:443
2025-08-23 12:46:47,309 DEBUG: https://www.uta-net.com:443 "GET /song/331345/ HTTP/1.1" 200 None
2025-08-23 12:46:49,519 DEBUG: Starting new HTTPS connection (1): www.uta-net.com:443
2025-08-23 12:46:50,059 DEBUG: https://www.uta-net.com:443 "GET /song/331344/ HTTP/1.1" 200 None
2025-08-23 12:46:52,263 DEBUG: Starting new HTTPS connection (1): www.uta-net.com:443
2025-08-23 12:46:52,774 DEBUG: https://www.uta-net.com:443 "GET /song/329485/ HTTP/1.1" 200 None
2025-08-23 12:46:54,967 DEBUG: Starting new HTTPS connection (1): www.uta-net.com:443
2025-08-23 12:46:55,508 DEBUG: https://www.uta-net.com:443 "GET /song/329484/ HTTP/1.1" 200 None
2025-08-23 12:46:57,740 DEBUG: Starting new HTTPS connection (1): www.uta-net.com:443
2025-08-23 12:46:58,343 DEBUG: https://www.uta-net.com:443 "GET /song/331343/ HTTP/1.1" 200 None
2025-08-23 12:47:00,943 DEBUG: Starting new HTTPS connection (1): www.uta-net.com:443
2025-08-23 12:47:01,490 DEBUG: https://www.uta-net.com:443 "GET /song/331342/ HTTP/1.1" 200 None
2025-08-23 12:47:04,209 DEBUG: Starting new HTTPS connection (1): www.uta-net.com:443
2025-08-23 12:47:04,711 DEBUG: https://www.uta-net.com:443 "GET /song/331341/ HTTP/1.1" 200 None
2025-08-23 12:47:07,348 DEBUG: Starting new HTTPS connection (1): www.uta-net.com:443
2025-08-23 12:47:07,847 DEBUG: https://www.uta-net.com:443 "GET /song/331340/ HTTP/1.1" 200 None
2025-08-23 15:28:06,183 DEBUG: Starting new HTTPS connection (1): www.uta-net.com:443
2025-08-23 15:28:07,947 DEBUG: https://www.uta-net.com:443 "GET /search/?Aselect=1&Bselect=1&Keyword=glim%20spanky HTTP/1.1" 200 None
2025-08-23 15:28:10,438 DEBUG: Starting new HTTPS connection (1): www.uta-net.com:443
2025-08-23 15:28:10,889 DEBUG: https://www.uta-net.com:443 "GET /user/search_index/artist.html?AID=16626 HTTP/1.1" 200 None
2025-08-23 15:28:16,104 DEBUG: Starting new HTTPS connection (1): www.uta-net.com:443
2025-08-23 15:28:16,626 DEBUG: https://www.uta-net.com:443 "GET /song/289675/ HTTP/1.1" 200 None
2025-08-23 15:28:19,125 DEBUG: Starting new HTTPS connection (1): www.uta-net.com:443
2025-08-23 15:28:19,668 DEBUG: https://www.uta-net.com:443 "GET /song/291666/ HTTP/1.1" 200 None
2025-08-23 15:28:21,875 DEBUG: Starting new HTTPS connection (1): www.uta-net.com:443
2025-08-23 15:28:22,381 DEBUG: https://www.uta-net.com:443 "GET /song/290689/ HTTP/1.1" 200 None
2025-08-23 15:28:24,595 DEBUG: Starting new HTTPS connection (1): www.uta-net.com:443
2025-08-23 15:28:25,123 DEBUG: https://www.uta-net.com:443 "GET /song/291665/ HTTP/1.1" 200 None
2025-08-23 15:28:27,690 DEBUG: Starting new HTTPS connection (1): www.uta-net.com:443
2025-08-23 15:28:28,243 DEBUG: https://www.uta-net.com:443 "GET /song/285351/ HTTP/1.1" 200 None
2025-08-23 15:28:30,760 DEBUG: Starting new HTTPS connection (1): www.uta-net.com:443
2025-08-23 15:28:31,274 DEBUG: https://www.uta-net.com:443 "GET /song/276312/ HTTP/1.1" 200 None
2025-08-23 15:28:33,471 DEBUG: Starting new HTTPS connection (1): www.uta-net.com:443
2025-08-23 15:28:33,981 DEBUG: https://www.uta-net.com:443 "GET /song/286896/ HTTP/1.1" 200 None
2025-08-23 15:28:36,470 DEBUG: Starting new HTTPS connection (1): www.uta-net.com:443
2025-08-23 15:28:36,972 DEBUG: https://www.uta-net.com:443 "GET /song/291410/ HTTP/1.1" 200 None
2025-08-23 15:28:39,168 DEBUG: Starting new HTTPS connection (1): www.uta-net.com:443
2025-08-23 15:28:39,658 DEBUG: https://www.uta-net.com:443 "GET /song/291664/ HTTP/1.1" 200 None
2025-08-23 15:28:42,150 DEBUG: Starting new HTTPS connection (1): www.uta-net.com:443
2025-08-23 15:28:42,684 DEBUG: https://www.uta-net.com:443 "GET /song/291663/ HTTP/1.1" 200 None
2025-08-23 15:28:45,201 DEBUG: Starting new HTTPS connection (1): www.uta-net.com:443
2025-08-23 15:28:45,730 DEBUG: https://www.uta-net.com:443 "GET /song/276583/ HTTP/1.1" 200 None
2025-08-23 15:56:53,226 DEBUG: Starting new HTTPS connection (1): www.uta-net.com:443
2025-08-23 15:56:54,896 DEBUG: https://www.uta-net.com:443 "GET /search/?Aselect=1&Bselect=1&Keyword=glim%20spanky HTTP/1.1" 200 None
2025-08-23 15:56:56,241 DEBUG: Starting new HTTPS connection (1): www.uta-net.com:443
2025-08-23 15:56:56,721 DEBUG: https://www.uta-net.com:443 "GET /user/search_index/artist.html?AID=16626 HTTP/1.1" 200 None
2025-08-23 15:57:02,041 DEBUG: Starting new HTTPS connection (1): www.uta-net.com:443
2025-08-23 15:57:02,560 DEBUG: https://www.uta-net.com:443 "GET /song/289675/ HTTP/1.1" 200 None
2025-08-23 15:57:03,265 DEBUG: Starting new HTTPS connection (1): www.uta-net.com:443
2025-08-23 15:57:03,771 DEBUG: https://www.uta-net.com:443 "GET /song/289675/ HTTP/1.1" 200 None
2025-08-23 15:57:04,766 DEBUG: Starting new HTTPS connection (1): www.uta-net.com:443
2025-08-23 15:57:05,240 DEBUG: https://www.uta-net.com:443 "GET /song/291666/ HTTP/1.1" 200 None
2025-08-23 15:57:06,256 DEBUG: Starting new HTTPS connection (1): www.uta-net.com:443
2025-08-23 15:57:06,765 DEBUG: https://www.uta-net.com:443 "GET /song/291666/ HTTP/1.1" 200 None
2025-08-23 15:57:07,731 DEBUG: Starting new HTTPS connection (1): www.uta-net.com:443
2025-08-23 15:57:08,249 DEBUG: https://www.uta-net.com:443 "GET /song/290689/ HTTP/1.1" 200 None
2025-08-23 15:57:09,299 DEBUG: Starting new HTTPS connection (1): www.uta-net.com:443
2025-08-23 15:57:09,822 DEBUG: https://www.uta-net.com:443 "GET /song/290689/ HTTP/1.1" 200 None
2025-08-23 15:57:10,739 DEBUG: Starting new HTTPS connection (1): www.uta-net.com:443
2025-08-23 15:57:11,313 DEBUG: https://www.uta-net.com:443 "GET /song/291665/ HTTP/1.1" 200 None
2025-08-23 15:57:12,342 DEBUG: Starting new HTTPS connection (1): www.uta-net.com:443
2025-08-23 15:57:12,874 DEBUG: https://www.uta-net.com:443 "GET /song/291665/ HTTP/1.1" 200 None
2025-08-23 15:57:13,815 DEBUG: Starting new HTTPS connection (1): www.uta-net.com:443
2025-08-23 15:57:14,330 DEBUG: https://www.uta-net.com:443 "GET /song/285351/ HTTP/1.1" 200 None
2025-08-23 15:57:15,068 DEBUG: Starting new HTTPS connection (1): www.uta-net.com:443
2025-08-23 15:57:15,584 DEBUG: https://www.uta-net.com:443 "GET /song/285351/ HTTP/1.1" 200 None
2025-08-23 15:57:16,541 DEBUG: Starting new HTTPS connection (1): www.uta-net.com:443
2025-08-23 15:57:17,044 DEBUG: https://www.uta-net.com:443 "GET /song/276312/ HTTP/1.1" 200 None
2025-08-23 15:57:18,067 DEBUG: Starting new HTTPS connection (1): www.uta-net.com:443
2025-08-23 15:57:18,561 DEBUG: https://www.uta-net.com:443 "GET /song/276312/ HTTP/1.1" 200 None
2025-08-23 15:57:19,245 DEBUG: Starting new HTTPS connection (1): www.uta-net.com:443
2025-08-23 15:57:19,750 DEBUG: https://www.uta-net.com:443 "GET /song/286896/ HTTP/1.1" 200 None
2025-08-23 15:57:21,046 DEBUG: Starting new HTTPS connection (1): www.uta-net.com:443
2025-08-23 15:57:21,559 DEBUG: https://www.uta-net.com:443 "GET /song/286896/ HTTP/1.1" 200 None
2025-08-23 15:57:21,964 DEBUG: Starting new HTTPS connection (1): www.uta-net.com:443
2025-08-23 15:57:22,459 DEBUG: https://www.uta-net.com:443 "GET /song/291410/ HTTP/1.1" 200 None
2025-08-23 15:57:23,761 DEBUG: Starting new HTTPS connection (1): www.uta-net.com:443
2025-08-23 15:57:24,304 DEBUG: https://www.uta-net.com:443 "GET /song/291410/ HTTP/1.1" 200 None
2025-08-23 15:57:24,655 DEBUG: Starting new HTTPS connection (1): www.uta-net.com:443
2025-08-23 15:57:25,197 DEBUG: https://www.uta-net.com:443 "GET /song/291664/ HTTP/1.1" 200 None
2025-08-23 15:57:26,497 DEBUG: Starting new HTTPS connection (1): www.uta-net.com:443
2025-08-23 15:57:27,022 DEBUG: https://www.uta-net.com:443 "GET /song/291664/ HTTP/1.1" 200 None
2025-08-23 15:57:27,723 DEBUG: Starting new HTTPS connection (1): www.uta-net.com:443
2025-08-23 15:57:28,227 DEBUG: https://www.uta-net.com:443 "GET /song/291663/ HTTP/1.1" 200 None
2025-08-23 15:57:29,622 DEBUG: Starting new HTTPS connection (1): www.uta-net.com:443
2025-08-23 15:57:30,125 DEBUG: https://www.uta-net.com:443 "GET /song/291663/ HTTP/1.1" 200 None
2025-08-23 15:57:30,657 DEBUG: Starting new HTTPS connection (1): www.uta-net.com:443
2025-08-23 15:57:31,187 DEBUG: https://www.uta-net.com:443 "GET /song/276583/ HTTP/1.1" 200 None
2025-08-23 15:57:32,608 DEBUG: Starting new HTTPS connection (1): www.uta-net.com:443
2025-08-23 15:57:33,097 DEBUG: https://www.uta-net.com:443 "GET /song/276583/ HTTP/1.1" 200 None
2025-08-23 15:58:21,879 DEBUG: Starting new HTTPS connection (1): www.uta-net.com:443
2025-08-23 15:58:22,369 DEBUG: https://www.uta-net.com:443 "GET /song/289675/ HTTP/1.1" 200 None
2025-08-23 15:58:24,577 DEBUG: Starting new HTTPS connection (1): www.uta-net.com:443
2025-08-23 15:58:25,105 DEBUG: https://www.uta-net.com:443 "GET /song/291666/ HTTP/1.1" 200 None
2025-08-23 15:58:27,631 DEBUG: Starting new HTTPS connection (1): www.uta-net.com:443
2025-08-23 15:58:28,206 DEBUG: https://www.uta-net.com:443 "GET /song/290689/ HTTP/1.1" 200 None
2025-08-23 15:58:30,416 DEBUG: Starting new HTTPS connection (1): www.uta-net.com:443
2025-08-23 15:58:30,944 DEBUG: https://www.uta-net.com:443 "GET /song/291665/ HTTP/1.1" 200 None
2025-08-23 15:58:33,459 DEBUG: Starting new HTTPS connection (1): www.uta-net.com:443
2025-08-23 15:58:33,996 DEBUG: https://www.uta-net.com:443 "GET /song/285351/ HTTP/1.1" 200 None
2025-08-23 15:58:36,508 DEBUG: Starting new HTTPS connection (1): www.uta-net.com:443
2025-08-23 15:58:36,986 DEBUG: https://www.uta-net.com:443 "GET /song/276312/ HTTP/1.1" 200 None
2025-08-23 15:58:39,198 DEBUG: Starting new HTTPS connection (1): www.uta-net.com:443
2025-08-23 15:58:39,705 DEBUG: https://www.uta-net.com:443 "GET /song/286896/ HTTP/1.1" 200 None
2025-08-23 15:58:42,377 DEBUG: Starting new HTTPS connection (1): www.uta-net.com:443
2025-08-23 15:58:42,870 DEBUG: https://www.uta-net.com:443 "GET /song/291410/ HTTP/1.1" 200 None
2025-08-23 15:58:45,359 DEBUG: Starting new HTTPS connection (1): www.uta-net.com:443
2025-08-23 15:58:45,883 DEBUG: https://www.uta-net.com:443 "GET /song/291664/ HTTP/1.1" 200 None
2025-08-23 15:58:48,087 DEBUG: Starting new HTTPS connection (1): www.uta-net.com:443
2025-08-23 15:58:48,617 DEBUG: https://www.uta-net.com:443 "GET /song/291663/ HTTP/1.1" 200 None
2025-08-23 15:58:51,132 DEBUG: Starting new HTTPS connection (1): www.uta-net.com:443
2025-08-23 15:58:51,680 DEBUG: https://www.uta-net.com:443 "GET /song/276583/ HTTP/1.1" 200 None
2025-08-23 16:10:35,896 DEBUG: Starting new HTTPS connection (1): www.uta-net.com:443
2025-08-23 16:10:37,655 DEBUG: https://www.uta-net.com:443 "GET /search/?Aselect=1&Bselect=1&Keyword=glim%20spanky HTTP/1.1" 200 None
2025-08-23 16:10:39,246 DEBUG: Starting new HTTPS connection (1): www.uta-net.com:443
2025-08-23 16:10:39,687 DEBUG: https://www.uta-net.com:443 "GET /user/search_index/artist.html?AID=16626 HTTP/1.1" 200 None
2025-08-23 16:10:47,958 DEBUG: Starting new HTTPS connection (1): www.uta-net.com:443
2025-08-23 16:10:48,490 DEBUG: https://www.uta-net.com:443 "GET /song/289675/ HTTP/1.1" 200 None
2025-08-23 16:10:50,692 DEBUG: Starting new HTTPS connection (1): www.uta-net.com:443
2025-08-23 16:10:51,202 DEBUG: https://www.uta-net.com:443 "GET /song/291666/ HTTP/1.1" 200 None
2025-08-23 16:10:53,681 DEBUG: Starting new HTTPS connection (1): www.uta-net.com:443
2025-08-23 16:10:54,186 DEBUG: https://www.uta-net.com:443 "GET /song/290689/ HTTP/1.1" 200 None
2025-08-23 16:10:56,403 DEBUG: Starting new HTTPS connection (1): www.uta-net.com:443
2025-08-23 16:10:56,924 DEBUG: https://www.uta-net.com:443 "GET /song/291665/ HTTP/1.1" 200 None
2025-08-23 16:10:59,189 DEBUG: Starting new HTTPS connection (1): www.uta-net.com:443
2025-08-23 16:10:59,743 DEBUG: https://www.uta-net.com:443 "GET /song/285351/ HTTP/1.1" 200 None
2025-08-23 16:11:02,260 DEBUG: Starting new HTTPS connection (1): www.uta-net.com:443
2025-08-23 16:11:02,765 DEBUG: https://www.uta-net.com:443 "GET /song/276312/ HTTP/1.1" 200 None
2025-08-23 16:11:05,263 DEBUG: Starting new HTTPS connection (1): www.uta-net.com:443
2025-08-23 16:11:05,771 DEBUG: https://www.uta-net.com:443 "GET /song/286896/ HTTP/1.1" 200 None
2025-08-23 16:11:08,275 DEBUG: Starting new HTTPS connection (1): www.uta-net.com:443
2025-08-23 16:11:08,797 DEBUG: https://www.uta-net.com:443 "GET /song/291410/ HTTP/1.1" 200 None
2025-08-23 16:11:11,306 DEBUG: Starting new HTTPS connection (1): www.uta-net.com:443
2025-08-23 16:11:11,857 DEBUG: https://www.uta-net.com:443 "GET /song/291664/ HTTP/1.1" 200 None
2025-08-23 16:11:14,063 DEBUG: Starting new HTTPS connection (1): www.uta-net.com:443
2025-08-23 16:11:14,587 DEBUG: https://www.uta-net.com:443 "GET /song/291663/ HTTP/1.1" 200 None
2025-08-23 16:11:17,105 DEBUG: Starting new HTTPS connection (1): www.uta-net.com:443
2025-08-23 16:11:17,621 DEBUG: https://www.uta-net.com:443 "GET /song/276583/ HTTP/1.1" 200 None
2025-08-23 16:22:05,224 DEBUG: Starting new HTTPS connection (1): www.uta-net.com:443
2025-08-23 16:22:07,046 DEBUG: https://www.uta-net.com:443 "GET /search/?Aselect=1&Bselect=1&Keyword=glim%20spanky HTTP/1.1" 200 None
2025-08-23 16:22:09,685 DEBUG: Starting new HTTPS connection (1): www.uta-net.com:443
2025-08-23 16:22:10,164 DEBUG: https://www.uta-net.com:443 "GET /user/search_index/artist.html?AID=16626 HTTP/1.1" 200 None
2025-08-23 16:22:18,543 DEBUG: Starting new HTTPS connection (1): www.uta-net.com:443
2025-08-23 16:22:19,072 DEBUG: https://www.uta-net.com:443 "GET /song/289675/ HTTP/1.1" 200 None
2025-08-23 16:22:21,282 DEBUG: Starting new HTTPS connection (1): www.uta-net.com:443
2025-08-23 16:22:21,793 DEBUG: https://www.uta-net.com:443 "GET /song/291666/ HTTP/1.1" 200 None
2025-08-23 16:22:23,990 DEBUG: Starting new HTTPS connection (1): www.uta-net.com:443
2025-08-23 16:22:24,503 DEBUG: https://www.uta-net.com:443 "GET /song/290689/ HTTP/1.1" 200 None
2025-08-23 16:22:26,996 DEBUG: Starting new HTTPS connection (1): www.uta-net.com:443
2025-08-23 16:22:27,529 DEBUG: https://www.uta-net.com:443 "GET /song/291665/ HTTP/1.1" 200 None
2025-08-23 16:22:30,254 DEBUG: Starting new HTTPS connection (1): www.uta-net.com:443
2025-08-23 16:22:30,814 DEBUG: https://www.uta-net.com:443 "GET /song/285351/ HTTP/1.1" 200 None
2025-08-23 16:22:33,025 DEBUG: Starting new HTTPS connection (1): www.uta-net.com:443
2025-08-23 16:22:33,542 DEBUG: https://www.uta-net.com:443 "GET /song/276312/ HTTP/1.1" 200 None
2025-08-23 16:22:36,063 DEBUG: Starting new HTTPS connection (1): www.uta-net.com:443
2025-08-23 16:22:36,582 DEBUG: https://www.uta-net.com:443 "GET /song/286896/ HTTP/1.1" 200 None
2025-08-23 16:22:38,779 DEBUG: Starting new HTTPS connection (1): www.uta-net.com:443
2025-08-23 16:22:39,275 DEBUG: https://www.uta-net.com:443 "GET /song/291410/ HTTP/1.1" 200 None
2025-08-23 16:22:40,515 DEBUG: Starting new HTTPS connection (1): www.uta-net.com:443
2025-08-23 16:22:41,036 DEBUG: https://www.uta-net.com:443 "GET /song/289675/ HTTP/1.1" 200 None
2025-08-23 16:22:41,502 DEBUG: Starting new HTTPS connection (1): www.uta-net.com:443
2025-08-23 16:22:41,991 DEBUG: https://www.uta-net.com:443 "GET /song/291664/ HTTP/1.1" 200 None
2025-08-23 16:22:43,536 DEBUG: Starting new HTTPS connection (1): www.uta-net.com:443
2025-08-23 16:22:44,062 DEBUG: https://www.uta-net.com:443 "GET /song/291666/ HTTP/1.1" 200 None
2025-08-23 16:22:44,475 DEBUG: Starting new HTTPS connection (1): www.uta-net.com:443
2025-08-23 16:22:45,019 DEBUG: https://www.uta-net.com:443 "GET /song/291663/ HTTP/1.1" 200 None
2025-08-23 16:22:46,274 DEBUG: Starting new HTTPS connection (1): www.uta-net.com:443
2025-08-23 16:22:46,803 DEBUG: https://www.uta-net.com:443 "GET /song/290689/ HTTP/1.1" 200 None
2025-08-23 16:22:49,026 DEBUG: Starting new HTTPS connection (1): www.uta-net.com:443
2025-08-23 16:22:49,566 DEBUG: https://www.uta-net.com:443 "GET /song/291665/ HTTP/1.1" 200 None
2025-08-23 16:22:52,270 DEBUG: Starting new HTTPS connection (1): www.uta-net.com:443
2025-08-23 16:22:52,779 DEBUG: https://www.uta-net.com:443 "GET /song/285351/ HTTP/1.1" 200 None
2025-08-23 16:22:55,269 DEBUG: Starting new HTTPS connection (1): www.uta-net.com:443
2025-08-23 16:22:55,754 DEBUG: https://www.uta-net.com:443 "GET /song/276312/ HTTP/1.1" 200 None
2025-08-23 16:22:58,248 DEBUG: Starting new HTTPS connection (1): www.uta-net.com:443
2025-08-23 16:22:58,770 DEBUG: https://www.uta-net.com:443 "GET /song/286896/ HTTP/1.1" 200 None
2025-08-23 16:23:00,981 DEBUG: Starting new HTTPS connection (1): www.uta-net.com:443
2025-08-23 16:23:01,469 DEBUG: https://www.uta-net.com:443 "GET /song/291410/ HTTP/1.1" 200 None
2025-08-23 16:23:03,967 DEBUG: Starting new HTTPS connection (1): www.uta-net.com:443
2025-08-23 16:23:04,507 DEBUG: https://www.uta-net.com:443 "GET /song/291664/ HTTP/1.1" 200 None
2025-08-23 16:23:06,722 DEBUG: Starting new HTTPS connection (1): www.uta-net.com:443
2025-08-23 16:23:07,273 DEBUG: https://www.uta-net.com:443 "GET /song/291663/ HTTP/1.1" 200 None
2025-08-23 16:23:22,225 DEBUG: Starting new HTTPS connection (1): www.uta-net.com:443
2025-08-23 16:23:22,721 DEBUG: https://www.uta-net.com:443 "GET /song/289675/ HTTP/1.1" 200 None
2025-08-23 16:23:25,199 DEBUG: Starting new HTTPS connection (1): www.uta-net.com:443
2025-08-23 16:23:25,760 DEBUG: https://www.uta-net.com:443 "GET /song/291666/ HTTP/1.1" 200 None
2025-08-23 16:23:28,255 DEBUG: Starting new HTTPS connection (1): www.uta-net.com:443
2025-08-23 16:23:28,812 DEBUG: https://www.uta-net.com:443 "GET /song/290689/ HTTP/1.1" 200 None
2025-08-23 16:23:31,345 DEBUG: Starting new HTTPS connection (1): www.uta-net.com:443
2025-08-23 16:23:31,915 DEBUG: https://www.uta-net.com:443 "GET /song/291665/ HTTP/1.1" 200 None
2025-08-23 16:23:34,127 DEBUG: Starting new HTTPS connection (1): www.uta-net.com:443
2025-08-23 16:23:34,644 DEBUG: https://www.uta-net.com:443 "GET /song/285351/ HTTP/1.1" 200 None
2025-08-23 16:23:36,852 DEBUG: Starting new HTTPS connection (1): www.uta-net.com:443
2025-08-23 16:23:37,415 DEBUG: https://www.uta-net.com:443 "GET /song/276312/ HTTP/1.1" 200 None
2025-08-23 16:23:39,928 DEBUG: Starting new HTTPS connection (1): www.uta-net.com:443
2025-08-23 16:23:40,431 DEBUG: https://www.uta-net.com:443 "GET /song/286896/ HTTP/1.1" 200 None
2025-08-23 16:23:43,059 DEBUG: Starting new HTTPS connection (1): www.uta-net.com:443
2025-08-23 16:23:43,593 DEBUG: https://www.uta-net.com:443 "GET /song/291410/ HTTP/1.1" 200 None
2025-08-23 16:23:45,793 DEBUG: Starting new HTTPS connection (1): www.uta-net.com:443
2025-08-23 16:23:46,318 DEBUG: https://www.uta-net.com:443 "GET /song/291664/ HTTP/1.1" 200 None
2025-08-23 16:23:48,807 DEBUG: Starting new HTTPS connection (1): www.uta-net.com:443
2025-08-23 16:23:49,313 DEBUG: https://www.uta-net.com:443 "GET /song/291663/ HTTP/1.1" 200 None
2025-08-23 16:28:11,199 DEBUG: Starting new HTTPS connection (1): www.uta-net.com:443
2025-08-23 16:28:12,996 DEBUG: https://www.uta-net.com:443 "GET /search/?Aselect=1&Bselect=1&Keyword=glim%20spanky HTTP/1.1" 200 None
2025-08-23 16:28:14,757 DEBUG: Starting new HTTPS connection (1): www.uta-net.com:443
2025-08-23 16:28:15,205 DEBUG: https://www.uta-net.com:443 "GET /user/search_index/artist.html?AID=16626 HTTP/1.1" 200 None
2025-08-23 16:28:18,745 DEBUG: Starting new HTTPS connection (1): www.uta-net.com:443
2025-08-23 16:28:19,227 DEBUG: https://www.uta-net.com:443 "GET /song/289675/ HTTP/1.1" 200 None
2025-08-23 16:28:21,432 DEBUG: Starting new HTTPS connection (1): www.uta-net.com:443
2025-08-23 16:28:21,930 DEBUG: https://www.uta-net.com:443 "GET /song/291666/ HTTP/1.1" 200 None
2025-08-23 16:28:24,427 DEBUG: Starting new HTTPS connection (1): www.uta-net.com:443
2025-08-23 16:28:24,917 DEBUG: https://www.uta-net.com:443 "GET /song/290689/ HTTP/1.1" 200 None
2025-08-23 16:28:27,125 DEBUG: Starting new HTTPS connection (1): www.uta-net.com:443
2025-08-23 16:28:27,698 DEBUG: https://www.uta-net.com:443 "GET /song/291665/ HTTP/1.1" 200 None
2025-08-23 16:28:30,289 DEBUG: Starting new HTTPS connection (1): www.uta-net.com:443
2025-08-23 16:28:30,852 DEBUG: https://www.uta-net.com:443 "GET /song/285351/ HTTP/1.1" 200 None
2025-08-23 16:28:33,375 DEBUG: Starting new HTTPS connection (1): www.uta-net.com:443
2025-08-23 16:28:33,913 DEBUG: https://www.uta-net.com:443 "GET /song/276312/ HTTP/1.1" 200 None
2025-08-23 16:28:36,438 DEBUG: Starting new HTTPS connection (1): www.uta-net.com:443
2025-08-23 16:28:36,956 DEBUG: https://www.uta-net.com:443 "GET /song/286896/ HTTP/1.1" 200 None
2025-08-23 16:28:39,464 DEBUG: Starting new HTTPS connection (1): www.uta-net.com:443
2025-08-23 16:28:39,982 DEBUG: https://www.uta-net.com:443 "GET /song/291410/ HTTP/1.1" 200 None
2025-08-23 16:28:42,464 DEBUG: Starting new HTTPS connection (1): www.uta-net.com:443
2025-08-23 16:28:42,945 DEBUG: https://www.uta-net.com:443 "GET /song/291664/ HTTP/1.1" 200 None
2025-08-23 16:28:45,421 DEBUG: Starting new HTTPS connection (1): www.uta-net.com:443
2025-08-23 16:28:45,927 DEBUG: https://www.uta-net.com:443 "GET /song/291663/ HTTP/1.1" 200 None
2025-08-23 16:28:48,424 DEBUG: Starting new HTTPS connection (1): www.uta-net.com:443
2025-08-23 16:28:48,917 DEBUG: https://www.uta-net.com:443 "GET /song/276583/ HTTP/1.1" 200 None
2025-08-23 16:39:32,194 DEBUG: Starting new HTTPS connection (1): www.uta-net.com:443
2025-08-23 16:39:34,013 DEBUG: https://www.uta-net.com:443 "GET /search/?Aselect=1&Bselect=1&Keyword=glim%20spanky HTTP/1.1" 200 None
2025-08-23 16:39:36,367 DEBUG: Starting new HTTPS connection (1): www.uta-net.com:443
2025-08-23 16:39:36,840 DEBUG: https://www.uta-net.com:443 "GET /user/search_index/artist.html?AID=16626 HTTP/1.1" 200 None
2025-08-23 16:39:41,216 DEBUG: Starting new HTTPS connection (1): www.uta-net.com:443
2025-08-23 16:39:41,756 DEBUG: https://www.uta-net.com:443 "GET /song/289675/ HTTP/1.1" 200 None
2025-08-23 16:39:43,961 DEBUG: Starting new HTTPS connection (1): www.uta-net.com:443
2025-08-23 16:39:44,458 DEBUG: https://www.uta-net.com:443 "GET /song/291666/ HTTP/1.1" 200 None
2025-08-23 16:39:46,952 DEBUG: Starting new HTTPS connection (1): www.uta-net.com:443
2025-08-23 16:39:47,436 DEBUG: https://www.uta-net.com:443 "GET /song/290689/ HTTP/1.1" 200 None
2025-08-23 16:39:49,929 DEBUG: Starting new HTTPS connection (1): www.uta-net.com:443
2025-08-23 16:39:50,412 DEBUG: https://www.uta-net.com:443 "GET /song/291665/ HTTP/1.1" 200 None
2025-08-23 16:39:52,952 DEBUG: Starting new HTTPS connection (1): www.uta-net.com:443
2025-08-23 16:39:53,492 DEBUG: https://www.uta-net.com:443 "GET /song/285351/ HTTP/1.1" 200 None
2025-08-23 16:39:55,717 DEBUG: Starting new HTTPS connection (1): www.uta-net.com:443
2025-08-23 16:39:56,276 DEBUG: https://www.uta-net.com:443 "GET /song/276312/ HTTP/1.1" 200 None
2025-08-23 16:39:58,487 DEBUG: Starting new HTTPS connection (1): www.uta-net.com:443
2025-08-23 16:39:58,964 DEBUG: https://www.uta-net.com:443 "GET /song/286896/ HTTP/1.1" 200 None
2025-08-23 16:40:01,161 DEBUG: Starting new HTTPS connection (1): www.uta-net.com:443
2025-08-23 16:40:01,735 DEBUG: https://www.uta-net.com:443 "GET /song/291410/ HTTP/1.1" 200 None
2025-08-23 16:40:04,234 DEBUG: Starting new HTTPS connection (1): www.uta-net.com:443
2025-08-23 16:40:04,772 DEBUG: https://www.uta-net.com:443 "GET /song/291664/ HTTP/1.1" 200 None
2025-08-23 16:40:07,283 DEBUG: Starting new HTTPS connection (1): www.uta-net.com:443
2025-08-23 16:40:07,799 DEBUG: https://www.uta-net.com:443 "GET /song/291663/ HTTP/1.1" 200 None
2025-08-23 16:40:10,327 DEBUG: Starting new HTTPS connection (1): www.uta-net.com:443
2025-08-23 16:40:10,861 DEBUG: https://www.uta-net.com:443 "GET /song/276583/ HTTP/1.1" 200 None
2025-08-23 16:48:22,629 DEBUG: Starting new HTTPS connection (1): www.uta-net.com:443
2025-08-23 16:48:24,617 DEBUG: https://www.uta-net.com:443 "GET /search/?Aselect=1&Bselect=1&Keyword=glim%20spanky HTTP/1.1" 200 None
2025-08-23 16:48:26,482 DEBUG: Starting new HTTPS connection (1): www.uta-net.com:443
2025-08-23 16:48:26,923 DEBUG: https://www.uta-net.com:443 "GET /user/search_index/artist.html?AID=16626 HTTP/1.1" 200 None
2025-08-23 16:48:32,128 DEBUG: Starting new HTTPS connection (1): www.uta-net.com:443
2025-08-23 16:48:32,665 DEBUG: https://www.uta-net.com:443 "GET /song/289675/ HTTP/1.1" 200 None
2025-08-23 16:48:34,875 DEBUG: Starting new HTTPS connection (1): www.uta-net.com:443
2025-08-23 16:48:35,375 DEBUG: https://www.uta-net.com:443 "GET /song/291666/ HTTP/1.1" 200 None
2025-08-23 16:48:37,585 DEBUG: Starting new HTTPS connection (1): www.uta-net.com:443
2025-08-23 16:48:38,073 DEBUG: https://www.uta-net.com:443 "GET /song/290689/ HTTP/1.1" 200 None
2025-08-23 16:48:40,284 DEBUG: Starting new HTTPS connection (1): www.uta-net.com:443
2025-08-23 16:48:40,770 DEBUG: https://www.uta-net.com:443 "GET /song/291665/ HTTP/1.1" 200 None
2025-08-23 16:48:43,300 DEBUG: Starting new HTTPS connection (1): www.uta-net.com:443
2025-08-23 16:48:43,796 DEBUG: https://www.uta-net.com:443 "GET /song/285351/ HTTP/1.1" 200 None
2025-08-23 16:48:46,005 DEBUG: Starting new HTTPS connection (1): www.uta-net.com:443
2025-08-23 16:48:46,554 DEBUG: https://www.uta-net.com:443 "GET /song/276312/ HTTP/1.1" 200 None
2025-08-23 16:48:48,769 DEBUG: Starting new HTTPS connection (1): www.uta-net.com:443
2025-08-23 16:48:49,306 DEBUG: https://www.uta-net.com:443 "GET /song/286896/ HTTP/1.1" 200 None
2025-08-23 16:48:51,830 DEBUG: Starting new HTTPS connection (1): www.uta-net.com:443
2025-08-23 16:48:52,351 DEBUG: https://www.uta-net.com:443 "GET /song/291410/ HTTP/1.1" 200 None
2025-08-23 16:48:54,877 DEBUG: Starting new HTTPS connection (1): www.uta-net.com:443
2025-08-23 16:48:55,419 DEBUG: https://www.uta-net.com:443 "GET /song/291664/ HTTP/1.1" 200 None
2025-08-23 16:48:57,625 DEBUG: Starting new HTTPS connection (1): www.uta-net.com:443
2025-08-23 16:48:58,108 DEBUG: https://www.uta-net.com:443 "GET /song/291663/ HTTP/1.1" 200 None
2025-08-23 16:49:00,604 DEBUG: Starting new HTTPS connection (1): www.uta-net.com:443
2025-08-23 16:49:01,088 DEBUG: https://www.uta-net.com:443 "GET /song/276583/ HTTP/1.1" 200 None
2025-08-23 16:50:50,670 DEBUG: Starting new HTTPS connection (1): www.uta-net.com:443
2025-08-23 16:50:52,201 DEBUG: https://www.uta-net.com:443 "GET /search/?Aselect=1&Bselect=1&Keyword=glim%20spanky HTTP/1.1" 200 None
2025-08-23 16:50:53,716 DEBUG: Starting new HTTPS connection (1): www.uta-net.com:443
2025-08-23 16:50:54,172 DEBUG: https://www.uta-net.com:443 "GET /user/search_index/artist.html?AID=16626 HTTP/1.1" 200 None
2025-08-23 16:50:58,393 DEBUG: Starting new HTTPS connection (1): www.uta-net.com:443
2025-08-23 16:50:58,886 DEBUG: https://www.uta-net.com:443 "GET /song/289675/ HTTP/1.1" 200 None
2025-08-23 16:51:01,092 DEBUG: Starting new HTTPS connection (1): www.uta-net.com:443
2025-08-23 16:51:01,661 DEBUG: https://www.uta-net.com:443 "GET /song/291666/ HTTP/1.1" 200 None
2025-08-23 16:51:03,880 DEBUG: Starting new HTTPS connection (1): www.uta-net.com:443
2025-08-23 16:51:04,413 DEBUG: https://www.uta-net.com:443 "GET /song/290689/ HTTP/1.1" 200 None
2025-08-23 16:51:06,932 DEBUG: Starting new HTTPS connection (1): www.uta-net.com:443
2025-08-23 16:51:07,430 DEBUG: https://www.uta-net.com:443 "GET /song/291665/ HTTP/1.1" 200 None
2025-08-23 16:51:09,996 DEBUG: Starting new HTTPS connection (1): www.uta-net.com:443
2025-08-23 16:51:10,516 DEBUG: https://www.uta-net.com:443 "GET /song/285351/ HTTP/1.1" 200 None
2025-08-23 16:51:12,714 DEBUG: Starting new HTTPS connection (1): www.uta-net.com:443
2025-08-23 16:51:13,210 DEBUG: https://www.uta-net.com:443 "GET /song/276312/ HTTP/1.1" 200 None
2025-08-23 16:51:15,406 DEBUG: Starting new HTTPS connection (1): www.uta-net.com:443
2025-08-23 16:51:15,928 DEBUG: https://www.uta-net.com:443 "GET /song/286896/ HTTP/1.1" 200 None
2025-08-23 16:51:18,130 DEBUG: Starting new HTTPS connection (1): www.uta-net.com:443
2025-08-23 16:51:18,644 DEBUG: https://www.uta-net.com:443 "GET /song/291410/ HTTP/1.1" 200 None
2025-08-23 16:51:21,136 DEBUG: Starting new HTTPS connection (1): www.uta-net.com:443
2025-08-23 16:51:21,629 DEBUG: https://www.uta-net.com:443 "GET /song/291664/ HTTP/1.1" 200 None
2025-08-23 16:51:24,128 DEBUG: Starting new HTTPS connection (1): www.uta-net.com:443
2025-08-23 16:51:24,650 DEBUG: https://www.uta-net.com:443 "GET /song/291663/ HTTP/1.1" 200 None
2025-08-23 16:51:27,170 DEBUG: Starting new HTTPS connection (1): www.uta-net.com:443
2025-08-23 16:51:27,704 DEBUG: https://www.uta-net.com:443 "GET /song/276583/ HTTP/1.1" 200 None
